2019-11-27 17:50:41,926 INFO 11137 [egg-schedule]: register schedule /Users/gongjurui/woniu/eggdemos/node_modules/egg-multipart/app/schedule/clean_tmpdir.js
2019-11-27 17:50:41,926 INFO 11137 [egg-schedule]: register schedule /Users/gongjurui/woniu/eggdemos/node_modules/egg-logrotator/app/schedule/clean_log.js
2019-11-27 17:50:41,926 INFO 11137 [egg-schedule]: register schedule /Users/gongjurui/woniu/eggdemos/node_modules/egg-logrotator/app/schedule/rotate_by_file.js
2019-11-27 17:58:47,418 INFO 11323 [Timer] /Users/gongjurui/woniu/eggdemos/node_modules/egg-multipart/app/schedule/clean_tmpdir.js next time will execute after 37872587ms at 2019-11-28 04:30:00.005
2019-11-27 17:58:47,419 INFO 11323 [Timer] /Users/gongjurui/woniu/eggdemos/node_modules/egg-logrotator/app/schedule/clean_log.js next time will execute after 21672582ms at 2019-11-28 00:00:00.001
2019-11-27 17:58:47,420 INFO 11323 [Timer] /Users/gongjurui/woniu/eggdemos/node_modules/egg-logrotator/app/schedule/rotate_by_file.js next time will execute after 21673581ms at 2019-11-28 00:00:01.001
2019-11-27 17:58:47,307 INFO 11324 [egg-schedule]: register schedule /Users/gongjurui/woniu/eggdemos/node_modules/egg-multipart/app/schedule/clean_tmpdir.js
2019-11-27 17:58:47,307 INFO 11324 [egg-schedule]: register schedule /Users/gongjurui/woniu/eggdemos/node_modules/egg-logrotator/app/schedule/clean_log.js
2019-11-27 17:58:47,307 INFO 11324 [egg-schedule]: register schedule /Users/gongjurui/woniu/eggdemos/node_modules/egg-logrotator/app/schedule/rotate_by_file.js
2019-11-27 18:00:11,256 INFO 11344 [egg-schedule]: register schedule /Users/gongjurui/woniu/eggdemos/node_modules/egg-multipart/app/schedule/clean_tmpdir.js
2019-11-27 18:00:11,256 INFO 11344 [egg-schedule]: register schedule /Users/gongjurui/woniu/eggdemos/node_modules/egg-logrotator/app/schedule/clean_log.js
2019-11-27 18:00:11,256 INFO 11344 [egg-schedule]: register schedule /Users/gongjurui/woniu/eggdemos/node_modules/egg-logrotator/app/schedule/rotate_by_file.js
2019-11-27 18:00:21,960 INFO 11362 [egg-schedule]: register schedule /Users/gongjurui/woniu/eggdemos/node_modules/egg-multipart/app/schedule/clean_tmpdir.js
2019-11-27 18:00:21,960 INFO 11362 [egg-schedule]: register schedule /Users/gongjurui/woniu/eggdemos/node_modules/egg-logrotator/app/schedule/clean_log.js
2019-11-27 18:00:21,960 INFO 11362 [egg-schedule]: register schedule /Users/gongjurui/woniu/eggdemos/node_modules/egg-logrotator/app/schedule/rotate_by_file.js
2019-11-27 18:00:28,989 INFO 11370 [egg-schedule]: register schedule /Users/gongjurui/woniu/eggdemos/node_modules/egg-multipart/app/schedule/clean_tmpdir.js
2019-11-27 18:00:28,989 INFO 11370 [egg-schedule]: register schedule /Users/gongjurui/woniu/eggdemos/node_modules/egg-logrotator/app/schedule/clean_log.js
2019-11-27 18:00:28,989 INFO 11370 [egg-schedule]: register schedule /Users/gongjurui/woniu/eggdemos/node_modules/egg-logrotator/app/schedule/rotate_by_file.js
2019-11-27 18:00:43,090 INFO 11385 [egg-schedule]: register schedule /Users/gongjurui/woniu/eggdemos/node_modules/egg-multipart/app/schedule/clean_tmpdir.js
2019-11-27 18:00:43,090 INFO 11385 [egg-schedule]: register schedule /Users/gongjurui/woniu/eggdemos/node_modules/egg-logrotator/app/schedule/clean_log.js
2019-11-27 18:00:43,090 INFO 11385 [egg-schedule]: register schedule /Users/gongjurui/woniu/eggdemos/node_modules/egg-logrotator/app/schedule/rotate_by_file.js
2019-11-27 18:00:45,865 INFO 11386 [egg-schedule]: register schedule /Users/gongjurui/woniu/eggdemos/node_modules/egg-multipart/app/schedule/clean_tmpdir.js
2019-11-27 18:00:45,865 INFO 11386 [egg-schedule]: register schedule /Users/gongjurui/woniu/eggdemos/node_modules/egg-logrotator/app/schedule/clean_log.js
2019-11-27 18:00:45,865 INFO 11386 [egg-schedule]: register schedule /Users/gongjurui/woniu/eggdemos/node_modules/egg-logrotator/app/schedule/rotate_by_file.js
2019-11-27 18:01:54,219 INFO 11421 [egg-schedule]: register schedule /Users/gongjurui/woniu/eggdemos/node_modules/egg-multipart/app/schedule/clean_tmpdir.js
2019-11-27 18:01:54,219 INFO 11421 [egg-schedule]: register schedule /Users/gongjurui/woniu/eggdemos/node_modules/egg-logrotator/app/schedule/clean_log.js
2019-11-27 18:01:54,219 INFO 11421 [egg-schedule]: register schedule /Users/gongjurui/woniu/eggdemos/node_modules/egg-logrotator/app/schedule/rotate_by_file.js
2019-11-27 18:04:24,941 INFO 11436 [egg-schedule]: register schedule /Users/gongjurui/woniu/eggdemos/node_modules/egg-multipart/app/schedule/clean_tmpdir.js
2019-11-27 18:04:24,941 INFO 11436 [egg-schedule]: register schedule /Users/gongjurui/woniu/eggdemos/node_modules/egg-logrotator/app/schedule/clean_log.js
2019-11-27 18:04:24,941 INFO 11436 [egg-schedule]: register schedule /Users/gongjurui/woniu/eggdemos/node_modules/egg-logrotator/app/schedule/rotate_by_file.js
2019-11-27 18:04:27,290 INFO 11444 [egg-schedule]: register schedule /Users/gongjurui/woniu/eggdemos/node_modules/egg-multipart/app/schedule/clean_tmpdir.js
2019-11-27 18:04:27,290 INFO 11444 [egg-schedule]: register schedule /Users/gongjurui/woniu/eggdemos/node_modules/egg-logrotator/app/schedule/clean_log.js
2019-11-27 18:04:27,290 INFO 11444 [egg-schedule]: register schedule /Users/gongjurui/woniu/eggdemos/node_modules/egg-logrotator/app/schedule/rotate_by_file.js
2019-11-27 18:04:43,203 INFO 11452 [egg-schedule]: register schedule /Users/gongjurui/woniu/eggdemos/node_modules/egg-multipart/app/schedule/clean_tmpdir.js
2019-11-27 18:04:43,203 INFO 11452 [egg-schedule]: register schedule /Users/gongjurui/woniu/eggdemos/node_modules/egg-logrotator/app/schedule/clean_log.js
2019-11-27 18:04:43,203 INFO 11452 [egg-schedule]: register schedule /Users/gongjurui/woniu/eggdemos/node_modules/egg-logrotator/app/schedule/rotate_by_file.js
2019-11-27 18:04:55,428 INFO 11460 [egg-schedule]: register schedule /Users/gongjurui/woniu/eggdemos/node_modules/egg-multipart/app/schedule/clean_tmpdir.js
2019-11-27 18:04:55,428 INFO 11460 [egg-schedule]: register schedule /Users/gongjurui/woniu/eggdemos/node_modules/egg-logrotator/app/schedule/clean_log.js
2019-11-27 18:04:55,428 INFO 11460 [egg-schedule]: register schedule /Users/gongjurui/woniu/eggdemos/node_modules/egg-logrotator/app/schedule/rotate_by_file.js
2019-11-27 18:05:13,808 INFO 11468 [egg-schedule]: register schedule /Users/gongjurui/woniu/eggdemos/node_modules/egg-multipart/app/schedule/clean_tmpdir.js
2019-11-27 18:05:13,808 INFO 11468 [egg-schedule]: register schedule /Users/gongjurui/woniu/eggdemos/node_modules/egg-logrotator/app/schedule/clean_log.js
2019-11-27 18:05:13,808 INFO 11468 [egg-schedule]: register schedule /Users/gongjurui/woniu/eggdemos/node_modules/egg-logrotator/app/schedule/rotate_by_file.js
2019-11-27 18:05:47,276 INFO 11494 [egg-schedule]: register schedule /Users/gongjurui/woniu/eggdemos/node_modules/egg-multipart/app/schedule/clean_tmpdir.js
2019-11-27 18:05:47,276 INFO 11494 [egg-schedule]: register schedule /Users/gongjurui/woniu/eggdemos/node_modules/egg-logrotator/app/schedule/clean_log.js
2019-11-27 18:05:47,276 INFO 11494 [egg-schedule]: register schedule /Users/gongjurui/woniu/eggdemos/node_modules/egg-logrotator/app/schedule/rotate_by_file.js
2019-11-27 18:05:53,593 INFO 11502 [egg-schedule]: register schedule /Users/gongjurui/woniu/eggdemos/node_modules/egg-multipart/app/schedule/clean_tmpdir.js
2019-11-27 18:05:53,593 INFO 11502 [egg-schedule]: register schedule /Users/gongjurui/woniu/eggdemos/node_modules/egg-logrotator/app/schedule/clean_log.js
2019-11-27 18:05:53,593 INFO 11502 [egg-schedule]: register schedule /Users/gongjurui/woniu/eggdemos/node_modules/egg-logrotator/app/schedule/rotate_by_file.js
2019-11-27 18:07:13,794 INFO 11520 [egg-schedule]: register schedule /Users/gongjurui/woniu/eggdemos/node_modules/egg-multipart/app/schedule/clean_tmpdir.js
2019-11-27 18:07:13,794 INFO 11520 [egg-schedule]: register schedule /Users/gongjurui/woniu/eggdemos/node_modules/egg-logrotator/app/schedule/clean_log.js
2019-11-27 18:07:13,794 INFO 11520 [egg-schedule]: register schedule /Users/gongjurui/woniu/eggdemos/node_modules/egg-logrotator/app/schedule/rotate_by_file.js
2019-11-27 18:08:04,056 INFO 11528 [egg-schedule]: register schedule /Users/gongjurui/woniu/eggdemos/node_modules/egg-multipart/app/schedule/clean_tmpdir.js
2019-11-27 18:08:04,056 INFO 11528 [egg-schedule]: register schedule /Users/gongjurui/woniu/eggdemos/node_modules/egg-logrotator/app/schedule/clean_log.js
2019-11-27 18:08:04,056 INFO 11528 [egg-schedule]: register schedule /Users/gongjurui/woniu/eggdemos/node_modules/egg-logrotator/app/schedule/rotate_by_file.js
2019-11-27 18:08:28,114 INFO 11543 [egg-schedule]: register schedule /Users/gongjurui/woniu/eggdemos/node_modules/egg-multipart/app/schedule/clean_tmpdir.js
2019-11-27 18:08:28,115 INFO 11543 [egg-schedule]: register schedule /Users/gongjurui/woniu/eggdemos/node_modules/egg-logrotator/app/schedule/clean_log.js
2019-11-27 18:08:28,115 INFO 11543 [egg-schedule]: register schedule /Users/gongjurui/woniu/eggdemos/node_modules/egg-logrotator/app/schedule/rotate_by_file.js
2019-11-27 18:08:39,753 INFO 11558 [egg-schedule]: register schedule /Users/gongjurui/woniu/eggdemos/node_modules/egg-multipart/app/schedule/clean_tmpdir.js
2019-11-27 18:08:39,754 INFO 11558 [egg-schedule]: register schedule /Users/gongjurui/woniu/eggdemos/node_modules/egg-logrotator/app/schedule/clean_log.js
2019-11-27 18:08:39,754 INFO 11558 [egg-schedule]: register schedule /Users/gongjurui/woniu/eggdemos/node_modules/egg-logrotator/app/schedule/rotate_by_file.js
2019-11-27 18:08:52,420 INFO 11573 [egg-schedule]: register schedule /Users/gongjurui/woniu/eggdemos/node_modules/egg-multipart/app/schedule/clean_tmpdir.js
2019-11-27 18:08:52,420 INFO 11573 [egg-schedule]: register schedule /Users/gongjurui/woniu/eggdemos/node_modules/egg-logrotator/app/schedule/clean_log.js
2019-11-27 18:08:52,421 INFO 11573 [egg-schedule]: register schedule /Users/gongjurui/woniu/eggdemos/node_modules/egg-logrotator/app/schedule/rotate_by_file.js
2019-11-27 18:09:04,209 INFO 11588 [egg-schedule]: register schedule /Users/gongjurui/woniu/eggdemos/node_modules/egg-multipart/app/schedule/clean_tmpdir.js
2019-11-27 18:09:04,209 INFO 11588 [egg-schedule]: register schedule /Users/gongjurui/woniu/eggdemos/node_modules/egg-logrotator/app/schedule/clean_log.js
2019-11-27 18:09:04,209 INFO 11588 [egg-schedule]: register schedule /Users/gongjurui/woniu/eggdemos/node_modules/egg-logrotator/app/schedule/rotate_by_file.js
2019-11-27 18:11:19,249 INFO 11613 [egg-schedule]: register schedule /Users/gongjurui/woniu/eggdemos/node_modules/egg-multipart/app/schedule/clean_tmpdir.js
2019-11-27 18:11:19,249 INFO 11613 [egg-schedule]: register schedule /Users/gongjurui/woniu/eggdemos/node_modules/egg-logrotator/app/schedule/clean_log.js
2019-11-27 18:11:19,249 INFO 11613 [egg-schedule]: register schedule /Users/gongjurui/woniu/eggdemos/node_modules/egg-logrotator/app/schedule/rotate_by_file.js
2019-11-27 18:12:26,630 INFO 11630 [egg-schedule]: register schedule /Users/gongjurui/woniu/eggdemos/node_modules/egg-multipart/app/schedule/clean_tmpdir.js
2019-11-27 18:12:26,630 INFO 11630 [egg-schedule]: register schedule /Users/gongjurui/woniu/eggdemos/node_modules/egg-logrotator/app/schedule/clean_log.js
2019-11-27 18:12:26,630 INFO 11630 [egg-schedule]: register schedule /Users/gongjurui/woniu/eggdemos/node_modules/egg-logrotator/app/schedule/rotate_by_file.js
2019-11-27 18:13:25,548 INFO 11646 [egg-schedule]: register schedule /Users/gongjurui/woniu/eggdemos/node_modules/egg-multipart/app/schedule/clean_tmpdir.js
2019-11-27 18:13:25,548 INFO 11646 [egg-schedule]: register schedule /Users/gongjurui/woniu/eggdemos/node_modules/egg-logrotator/app/schedule/clean_log.js
2019-11-27 18:13:25,548 INFO 11646 [egg-schedule]: register schedule /Users/gongjurui/woniu/eggdemos/node_modules/egg-logrotator/app/schedule/rotate_by_file.js
2019-11-27 18:16:08,510 INFO 11672 [egg-schedule]: register schedule /Users/gongjurui/woniu/eggdemos/node_modules/egg-multipart/app/schedule/clean_tmpdir.js
2019-11-27 18:16:08,510 INFO 11672 [egg-schedule]: register schedule /Users/gongjurui/woniu/eggdemos/node_modules/egg-logrotator/app/schedule/clean_log.js
2019-11-27 18:16:08,510 INFO 11672 [egg-schedule]: register schedule /Users/gongjurui/woniu/eggdemos/node_modules/egg-logrotator/app/schedule/rotate_by_file.js
2019-11-27 18:16:36,256 INFO 11691 [egg-schedule]: register schedule /Users/gongjurui/woniu/eggdemos/node_modules/egg-multipart/app/schedule/clean_tmpdir.js
2019-11-27 18:16:36,256 INFO 11691 [egg-schedule]: register schedule /Users/gongjurui/woniu/eggdemos/node_modules/egg-logrotator/app/schedule/clean_log.js
2019-11-27 18:16:36,256 INFO 11691 [egg-schedule]: register schedule /Users/gongjurui/woniu/eggdemos/node_modules/egg-logrotator/app/schedule/rotate_by_file.js
2019-11-27 18:17:09,475 INFO 11707 [egg-schedule]: register schedule /Users/gongjurui/woniu/eggdemos/node_modules/egg-multipart/app/schedule/clean_tmpdir.js
2019-11-27 18:17:09,475 INFO 11707 [egg-schedule]: register schedule /Users/gongjurui/woniu/eggdemos/node_modules/egg-logrotator/app/schedule/clean_log.js
2019-11-27 18:17:09,475 INFO 11707 [egg-schedule]: register schedule /Users/gongjurui/woniu/eggdemos/node_modules/egg-logrotator/app/schedule/rotate_by_file.js
2019-11-27 18:17:32,986 INFO 11723 [egg-schedule]: register schedule /Users/gongjurui/woniu/eggdemos/node_modules/egg-multipart/app/schedule/clean_tmpdir.js
2019-11-27 18:17:32,986 INFO 11723 [egg-schedule]: register schedule /Users/gongjurui/woniu/eggdemos/node_modules/egg-logrotator/app/schedule/clean_log.js
2019-11-27 18:17:32,986 INFO 11723 [egg-schedule]: register schedule /Users/gongjurui/woniu/eggdemos/node_modules/egg-logrotator/app/schedule/rotate_by_file.js
2019-11-27 18:17:40,444 INFO 11742 [egg-schedule]: register schedule /Users/gongjurui/woniu/eggdemos/node_modules/egg-multipart/app/schedule/clean_tmpdir.js
2019-11-27 18:17:40,444 INFO 11742 [egg-schedule]: register schedule /Users/gongjurui/woniu/eggdemos/node_modules/egg-logrotator/app/schedule/clean_log.js
2019-11-27 18:17:40,444 INFO 11742 [egg-schedule]: register schedule /Users/gongjurui/woniu/eggdemos/node_modules/egg-logrotator/app/schedule/rotate_by_file.js
2019-11-27 18:17:41,418 INFO 11743 [egg-schedule]: register schedule /Users/gongjurui/woniu/eggdemos/node_modules/egg-multipart/app/schedule/clean_tmpdir.js
2019-11-27 18:17:41,418 INFO 11743 [egg-schedule]: register schedule /Users/gongjurui/woniu/eggdemos/node_modules/egg-logrotator/app/schedule/clean_log.js
2019-11-27 18:17:41,418 INFO 11743 [egg-schedule]: register schedule /Users/gongjurui/woniu/eggdemos/node_modules/egg-logrotator/app/schedule/rotate_by_file.js
2019-11-27 18:18:31,094 INFO 11762 [egg-schedule]: register schedule /Users/gongjurui/woniu/eggdemos/node_modules/egg-multipart/app/schedule/clean_tmpdir.js
2019-11-27 18:18:31,094 INFO 11762 [egg-schedule]: register schedule /Users/gongjurui/woniu/eggdemos/node_modules/egg-logrotator/app/schedule/clean_log.js
2019-11-27 18:18:31,094 INFO 11762 [egg-schedule]: register schedule /Users/gongjurui/woniu/eggdemos/node_modules/egg-logrotator/app/schedule/rotate_by_file.js
