2019-11-27 17:44:12,821 INFO 6679 [egg-logrotator] app logger reload: got log-reload message
2019-11-27 17:50:41,894 INFO 11137 [egg:logger] init all loggers with options: {"dir":"/Users/gongjurui/woniu/eggdemos/logs/eggdemos","encoding":"utf8","env":"local","level":"INFO","consoleLevel":"INFO","disableConsoleAfterReady":false,"outputJSON":false,"buffer":true,"appLogName":"eggdemos-web.log","coreLogName":"egg-web.log","agentLogName":"egg-agent.log","errorLogName":"common-error.log","coreLogger":{"consoleLevel":"WARN"},"allowDebugAtProd":false,"type":"application"}
2019-11-27 17:50:41,927 INFO 11137 [egg-multipart] stream mode enable
2019-11-27 17:50:42,072 INFO 11137 [egg-static] starting static serve /public/ -> /Users/gongjurui/woniu/eggdemos/app/public
2019-11-27 17:50:42,076 INFO 11137 [egg-security] use csrf middleware
2019-11-27 17:50:42,078 INFO 11137 [egg-security] use methodnoallow middleware
2019-11-27 17:50:42,079 INFO 11137 [egg-security] use noopen middleware
2019-11-27 17:50:42,081 INFO 11137 [egg-security] use nosniff middleware
2019-11-27 17:50:42,083 INFO 11137 [egg-security] use xssProtection middleware
2019-11-27 17:50:42,085 INFO 11137 [egg-security] use xframe middleware
2019-11-27 17:50:42,086 INFO 11137 [egg-security] use dta middleware
2019-11-27 17:50:42,086 INFO 11137 [egg-security] compose 7 middlewares into one security middleware
2019-11-27 17:50:42,117 INFO 11137 [egg:core] dump config after load, 12ms
2019-11-27 17:50:42,213 INFO 11137 [egg-watcher:application] watcher start success
2019-11-27 17:50:42,230 INFO 11137 [egg:core] dump config after ready, 9ms
2019-11-27 17:58:47,283 INFO 11324 [egg:logger] init all loggers with options: {"dir":"/Users/gongjurui/woniu/eggdemos/logs/eggdemos","encoding":"utf8","env":"local","level":"INFO","consoleLevel":"INFO","disableConsoleAfterReady":false,"outputJSON":false,"buffer":true,"appLogName":"eggdemos-web.log","coreLogName":"egg-web.log","agentLogName":"egg-agent.log","errorLogName":"common-error.log","coreLogger":{"consoleLevel":"WARN"},"allowDebugAtProd":false,"type":"application"}
2019-11-27 17:58:47,307 INFO 11324 [egg-multipart] stream mode enable
2019-11-27 17:58:47,370 INFO 11324 [egg-static] starting static serve /public/ -> /Users/gongjurui/woniu/eggdemos/app/public
2019-11-27 17:58:47,374 INFO 11324 [egg-security] use csrf middleware
2019-11-27 17:58:47,375 INFO 11324 [egg-security] use methodnoallow middleware
2019-11-27 17:58:47,375 INFO 11324 [egg-security] use noopen middleware
2019-11-27 17:58:47,376 INFO 11324 [egg-security] use nosniff middleware
2019-11-27 17:58:47,377 INFO 11324 [egg-security] use xssProtection middleware
2019-11-27 17:58:47,377 INFO 11324 [egg-security] use xframe middleware
2019-11-27 17:58:47,378 INFO 11324 [egg-security] use dta middleware
2019-11-27 17:58:47,378 INFO 11324 [egg-security] compose 7 middlewares into one security middleware
2019-11-27 17:58:47,389 INFO 11324 [egg:core] dump config after load, 5ms
2019-11-27 17:58:47,403 INFO 11324 [egg-watcher:application] watcher start success
2019-11-27 17:58:47,409 INFO 11324 [egg:core] dump config after ready, 3ms
2019-11-27 17:58:51,089 INFO 11324 [egg-view-nunjucks] loading templates from ["/Users/gongjurui/woniu/eggdemos/app/view"]
2019-11-27 18:00:11,220 INFO 11344 [egg:logger] init all loggers with options: {"dir":"/Users/gongjurui/woniu/eggdemos/logs/eggdemos","encoding":"utf8","env":"local","level":"INFO","consoleLevel":"INFO","disableConsoleAfterReady":false,"outputJSON":false,"buffer":true,"appLogName":"eggdemos-web.log","coreLogName":"egg-web.log","agentLogName":"egg-agent.log","errorLogName":"common-error.log","coreLogger":{"consoleLevel":"WARN"},"allowDebugAtProd":false,"type":"application"}
2019-11-27 18:00:11,257 INFO 11344 [egg-multipart] stream mode enable
2019-11-27 18:00:11,353 INFO 11344 [egg-static] starting static serve /public/ -> /Users/gongjurui/woniu/eggdemos/app/public
2019-11-27 18:00:11,357 INFO 11344 [egg-security] use csrf middleware
2019-11-27 18:00:11,358 INFO 11344 [egg-security] use methodnoallow middleware
2019-11-27 18:00:11,359 INFO 11344 [egg-security] use noopen middleware
2019-11-27 18:00:11,360 INFO 11344 [egg-security] use nosniff middleware
2019-11-27 18:00:11,361 INFO 11344 [egg-security] use xssProtection middleware
2019-11-27 18:00:11,362 INFO 11344 [egg-security] use xframe middleware
2019-11-27 18:00:11,362 INFO 11344 [egg-security] use dta middleware
2019-11-27 18:00:11,362 INFO 11344 [egg-security] compose 7 middlewares into one security middleware
2019-11-27 18:00:11,401 INFO 11344 [egg:core] dump config after load, 22ms
2019-11-27 18:00:11,425 INFO 11344 [egg-watcher:application] watcher start success
2019-11-27 18:00:11,434 INFO 11344 [egg:core] dump config after ready, 6ms
2019-11-27 18:00:21,930 INFO 11362 [egg:logger] init all loggers with options: {"dir":"/Users/gongjurui/woniu/eggdemos/logs/eggdemos","encoding":"utf8","env":"local","level":"INFO","consoleLevel":"INFO","disableConsoleAfterReady":false,"outputJSON":false,"buffer":true,"appLogName":"eggdemos-web.log","coreLogName":"egg-web.log","agentLogName":"egg-agent.log","errorLogName":"common-error.log","coreLogger":{"consoleLevel":"WARN"},"allowDebugAtProd":false,"type":"application"}
2019-11-27 18:00:21,961 INFO 11362 [egg-multipart] stream mode enable
2019-11-27 18:00:22,034 INFO 11362 [egg-static] starting static serve /public/ -> /Users/gongjurui/woniu/eggdemos/app/public
2019-11-27 18:00:22,036 INFO 11362 [egg-security] use csrf middleware
2019-11-27 18:00:22,038 INFO 11362 [egg-security] use methodnoallow middleware
2019-11-27 18:00:22,038 INFO 11362 [egg-security] use noopen middleware
2019-11-27 18:00:22,039 INFO 11362 [egg-security] use nosniff middleware
2019-11-27 18:00:22,040 INFO 11362 [egg-security] use xssProtection middleware
2019-11-27 18:00:22,041 INFO 11362 [egg-security] use xframe middleware
2019-11-27 18:00:22,041 INFO 11362 [egg-security] use dta middleware
2019-11-27 18:00:22,041 INFO 11362 [egg-security] compose 7 middlewares into one security middleware
2019-11-27 18:00:22,059 INFO 11362 [egg:core] dump config after load, 6ms
2019-11-27 18:00:22,075 INFO 11362 [egg-watcher:application] watcher start success
2019-11-27 18:00:22,084 INFO 11362 [egg:core] dump config after ready, 6ms
2019-11-27 18:00:28,949 INFO 11370 [egg:logger] init all loggers with options: {"dir":"/Users/gongjurui/woniu/eggdemos/logs/eggdemos","encoding":"utf8","env":"local","level":"INFO","consoleLevel":"INFO","disableConsoleAfterReady":false,"outputJSON":false,"buffer":true,"appLogName":"eggdemos-web.log","coreLogName":"egg-web.log","agentLogName":"egg-agent.log","errorLogName":"common-error.log","coreLogger":{"consoleLevel":"WARN"},"allowDebugAtProd":false,"type":"application"}
2019-11-27 18:00:28,989 INFO 11370 [egg-multipart] stream mode enable
2019-11-27 18:00:29,071 INFO 11370 [egg-static] starting static serve /public/ -> /Users/gongjurui/woniu/eggdemos/app/public
2019-11-27 18:00:29,074 INFO 11370 [egg-security] use csrf middleware
2019-11-27 18:00:29,075 INFO 11370 [egg-security] use methodnoallow middleware
2019-11-27 18:00:29,076 INFO 11370 [egg-security] use noopen middleware
2019-11-27 18:00:29,077 INFO 11370 [egg-security] use nosniff middleware
2019-11-27 18:00:29,077 INFO 11370 [egg-security] use xssProtection middleware
2019-11-27 18:00:29,078 INFO 11370 [egg-security] use xframe middleware
2019-11-27 18:00:29,078 INFO 11370 [egg-security] use dta middleware
2019-11-27 18:00:29,079 INFO 11370 [egg-security] compose 7 middlewares into one security middleware
2019-11-27 18:00:29,091 INFO 11370 [egg:core] dump config after load, 6ms
2019-11-27 18:00:29,103 INFO 11370 [egg-watcher:application] watcher start success
2019-11-27 18:00:29,111 INFO 11370 [egg:core] dump config after ready, 6ms
2019-11-27 18:00:31,780 INFO 11370 [egg-view-nunjucks] loading templates from ["/Users/gongjurui/woniu/eggdemos/app/view"]
2019-11-27 18:00:43,059 INFO 11385 [egg:logger] init all loggers with options: {"dir":"/Users/gongjurui/woniu/eggdemos/logs/eggdemos","encoding":"utf8","env":"local","level":"INFO","consoleLevel":"INFO","disableConsoleAfterReady":false,"outputJSON":false,"buffer":true,"appLogName":"eggdemos-web.log","coreLogName":"egg-web.log","agentLogName":"egg-agent.log","errorLogName":"common-error.log","coreLogger":{"consoleLevel":"WARN"},"allowDebugAtProd":false,"type":"application"}
2019-11-27 18:00:43,091 INFO 11385 [egg-multipart] stream mode enable
2019-11-27 18:00:43,161 INFO 11385 [egg-static] starting static serve /public/ -> /Users/gongjurui/woniu/eggdemos/app/public
2019-11-27 18:00:43,164 INFO 11385 [egg-security] use csrf middleware
2019-11-27 18:00:43,165 INFO 11385 [egg-security] use methodnoallow middleware
2019-11-27 18:00:43,166 INFO 11385 [egg-security] use noopen middleware
2019-11-27 18:00:43,167 INFO 11385 [egg-security] use nosniff middleware
2019-11-27 18:00:43,168 INFO 11385 [egg-security] use xssProtection middleware
2019-11-27 18:00:43,169 INFO 11385 [egg-security] use xframe middleware
2019-11-27 18:00:43,169 INFO 11385 [egg-security] use dta middleware
2019-11-27 18:00:43,169 INFO 11385 [egg-security] compose 7 middlewares into one security middleware
2019-11-27 18:00:43,187 INFO 11385 [egg:core] dump config after load, 8ms
2019-11-27 18:00:43,212 INFO 11385 [egg-watcher:application] watcher start success
2019-11-27 18:00:43,226 INFO 11385 [egg:core] dump config after ready, 9ms
2019-11-27 18:00:45,832 INFO 11386 [egg:logger] init all loggers with options: {"dir":"/Users/gongjurui/woniu/eggdemos/logs/eggdemos","encoding":"utf8","env":"local","level":"INFO","consoleLevel":"INFO","disableConsoleAfterReady":false,"outputJSON":false,"buffer":true,"appLogName":"eggdemos-web.log","coreLogName":"egg-web.log","agentLogName":"egg-agent.log","errorLogName":"common-error.log","coreLogger":{"consoleLevel":"WARN"},"allowDebugAtProd":false,"type":"application"}
2019-11-27 18:00:45,866 INFO 11386 [egg-multipart] stream mode enable
2019-11-27 18:00:45,920 INFO 11386 [egg-static] starting static serve /public/ -> /Users/gongjurui/woniu/eggdemos/app/public
2019-11-27 18:00:45,924 INFO 11386 [egg-security] use csrf middleware
2019-11-27 18:00:45,925 INFO 11386 [egg-security] use methodnoallow middleware
2019-11-27 18:00:45,926 INFO 11386 [egg-security] use noopen middleware
2019-11-27 18:00:45,927 INFO 11386 [egg-security] use nosniff middleware
2019-11-27 18:00:45,930 INFO 11386 [egg-security] use xssProtection middleware
2019-11-27 18:00:45,930 INFO 11386 [egg-security] use xframe middleware
2019-11-27 18:00:45,931 INFO 11386 [egg-security] use dta middleware
2019-11-27 18:00:45,931 INFO 11386 [egg-security] compose 7 middlewares into one security middleware
2019-11-27 18:00:45,945 INFO 11386 [egg:core] dump config after load, 7ms
2019-11-27 18:00:45,958 INFO 11386 [egg-watcher:application] watcher start success
2019-11-27 18:00:45,964 INFO 11386 [egg:core] dump config after ready, 4ms
2019-11-27 18:00:47,639 INFO 11386 [egg-view-nunjucks] loading templates from ["/Users/gongjurui/woniu/eggdemos/app/view"]
2019-11-27 18:01:54,177 INFO 11421 [egg:logger] init all loggers with options: {"dir":"/Users/gongjurui/woniu/eggdemos/logs/eggdemos","encoding":"utf8","env":"local","level":"INFO","consoleLevel":"INFO","disableConsoleAfterReady":false,"outputJSON":false,"buffer":true,"appLogName":"eggdemos-web.log","coreLogName":"egg-web.log","agentLogName":"egg-agent.log","errorLogName":"common-error.log","coreLogger":{"consoleLevel":"WARN"},"allowDebugAtProd":false,"type":"application"}
2019-11-27 18:01:54,220 INFO 11421 [egg-multipart] stream mode enable
2019-11-27 18:01:54,335 INFO 11421 [egg-static] starting static serve /public/ -> /Users/gongjurui/woniu/eggdemos/app/public
2019-11-27 18:01:54,338 INFO 11421 [egg-security] use csrf middleware
2019-11-27 18:01:54,339 INFO 11421 [egg-security] use methodnoallow middleware
2019-11-27 18:01:54,340 INFO 11421 [egg-security] use noopen middleware
2019-11-27 18:01:54,341 INFO 11421 [egg-security] use nosniff middleware
2019-11-27 18:01:54,342 INFO 11421 [egg-security] use xssProtection middleware
2019-11-27 18:01:54,343 INFO 11421 [egg-security] use xframe middleware
2019-11-27 18:01:54,344 INFO 11421 [egg-security] use dta middleware
2019-11-27 18:01:54,344 INFO 11421 [egg-security] compose 7 middlewares into one security middleware
2019-11-27 18:01:54,358 INFO 11421 [egg:core] dump config after load, 6ms
2019-11-27 18:01:54,374 INFO 11421 [egg-watcher:application] watcher start success
2019-11-27 18:01:54,383 INFO 11421 [egg:core] dump config after ready, 7ms
2019-11-27 18:01:57,907 INFO 11421 [egg-view-nunjucks] loading templates from ["/Users/gongjurui/woniu/eggdemos/app/view"]
2019-11-27 18:04:24,884 INFO 11436 [egg:logger] init all loggers with options: {"dir":"/Users/gongjurui/woniu/eggdemos/logs/eggdemos","encoding":"utf8","env":"local","level":"INFO","consoleLevel":"INFO","disableConsoleAfterReady":false,"outputJSON":false,"buffer":true,"appLogName":"eggdemos-web.log","coreLogName":"egg-web.log","agentLogName":"egg-agent.log","errorLogName":"common-error.log","coreLogger":{"consoleLevel":"WARN"},"allowDebugAtProd":false,"type":"application"}
2019-11-27 18:04:24,942 INFO 11436 [egg-multipart] stream mode enable
2019-11-27 18:04:25,034 INFO 11436 [egg-static] starting static serve /public/ -> /Users/gongjurui/woniu/eggdemos/app/public
2019-11-27 18:04:25,037 INFO 11436 [egg-security] use csrf middleware
2019-11-27 18:04:25,039 INFO 11436 [egg-security] use methodnoallow middleware
2019-11-27 18:04:25,039 INFO 11436 [egg-security] use noopen middleware
2019-11-27 18:04:25,040 INFO 11436 [egg-security] use nosniff middleware
2019-11-27 18:04:25,041 INFO 11436 [egg-security] use xssProtection middleware
2019-11-27 18:04:25,042 INFO 11436 [egg-security] use xframe middleware
2019-11-27 18:04:25,043 INFO 11436 [egg-security] use dta middleware
2019-11-27 18:04:25,043 INFO 11436 [egg-security] compose 7 middlewares into one security middleware
2019-11-27 18:04:25,063 INFO 11436 [egg:core] dump config after load, 12ms
2019-11-27 18:04:25,076 INFO 11436 [egg-watcher:application] watcher start success
2019-11-27 18:04:25,089 INFO 11436 [egg:core] dump config after ready, 6ms
2019-11-27 18:04:27,259 INFO 11444 [egg:logger] init all loggers with options: {"dir":"/Users/gongjurui/woniu/eggdemos/logs/eggdemos","encoding":"utf8","env":"local","level":"INFO","consoleLevel":"INFO","disableConsoleAfterReady":false,"outputJSON":false,"buffer":true,"appLogName":"eggdemos-web.log","coreLogName":"egg-web.log","agentLogName":"egg-agent.log","errorLogName":"common-error.log","coreLogger":{"consoleLevel":"WARN"},"allowDebugAtProd":false,"type":"application"}
2019-11-27 18:04:27,290 INFO 11444 [egg-multipart] stream mode enable
2019-11-27 18:04:27,344 INFO 11444 [egg-static] starting static serve /public/ -> /Users/gongjurui/woniu/eggdemos/app/public
2019-11-27 18:04:27,347 INFO 11444 [egg-security] use csrf middleware
2019-11-27 18:04:27,348 INFO 11444 [egg-security] use methodnoallow middleware
2019-11-27 18:04:27,348 INFO 11444 [egg-security] use noopen middleware
2019-11-27 18:04:27,349 INFO 11444 [egg-security] use nosniff middleware
2019-11-27 18:04:27,349 INFO 11444 [egg-security] use xssProtection middleware
2019-11-27 18:04:27,350 INFO 11444 [egg-security] use xframe middleware
2019-11-27 18:04:27,350 INFO 11444 [egg-security] use dta middleware
2019-11-27 18:04:27,350 INFO 11444 [egg-security] compose 7 middlewares into one security middleware
2019-11-27 18:04:27,365 INFO 11444 [egg:core] dump config after load, 5ms
2019-11-27 18:04:27,376 INFO 11444 [egg-watcher:application] watcher start success
2019-11-27 18:04:27,383 INFO 11444 [egg:core] dump config after ready, 4ms
2019-11-27 18:04:32,835 INFO 11444 [egg-view-nunjucks] loading templates from ["/Users/gongjurui/woniu/eggdemos/app/view"]
2019-11-27 18:04:43,168 INFO 11452 [egg:logger] init all loggers with options: {"dir":"/Users/gongjurui/woniu/eggdemos/logs/eggdemos","encoding":"utf8","env":"local","level":"INFO","consoleLevel":"INFO","disableConsoleAfterReady":false,"outputJSON":false,"buffer":true,"appLogName":"eggdemos-web.log","coreLogName":"egg-web.log","agentLogName":"egg-agent.log","errorLogName":"common-error.log","coreLogger":{"consoleLevel":"WARN"},"allowDebugAtProd":false,"type":"application"}
2019-11-27 18:04:43,204 INFO 11452 [egg-multipart] stream mode enable
2019-11-27 18:04:43,299 INFO 11452 [egg-static] starting static serve /public/ -> /Users/gongjurui/woniu/eggdemos/app/public
2019-11-27 18:04:43,303 INFO 11452 [egg-security] use csrf middleware
2019-11-27 18:04:43,303 INFO 11452 [egg-security] use methodnoallow middleware
2019-11-27 18:04:43,304 INFO 11452 [egg-security] use noopen middleware
2019-11-27 18:04:43,304 INFO 11452 [egg-security] use nosniff middleware
2019-11-27 18:04:43,305 INFO 11452 [egg-security] use xssProtection middleware
2019-11-27 18:04:43,305 INFO 11452 [egg-security] use xframe middleware
2019-11-27 18:04:43,305 INFO 11452 [egg-security] use dta middleware
2019-11-27 18:04:43,305 INFO 11452 [egg-security] compose 7 middlewares into one security middleware
2019-11-27 18:04:43,319 INFO 11452 [egg:core] dump config after load, 7ms
2019-11-27 18:04:43,333 INFO 11452 [egg-watcher:application] watcher start success
2019-11-27 18:04:43,341 INFO 11452 [egg:core] dump config after ready, 4ms
2019-11-27 18:04:44,744 INFO 11452 [egg-view-nunjucks] loading templates from ["/Users/gongjurui/woniu/eggdemos/app/view"]
2019-11-27 18:04:55,395 INFO 11460 [egg:logger] init all loggers with options: {"dir":"/Users/gongjurui/woniu/eggdemos/logs/eggdemos","encoding":"utf8","env":"local","level":"INFO","consoleLevel":"INFO","disableConsoleAfterReady":false,"outputJSON":false,"buffer":true,"appLogName":"eggdemos-web.log","coreLogName":"egg-web.log","agentLogName":"egg-agent.log","errorLogName":"common-error.log","coreLogger":{"consoleLevel":"WARN"},"allowDebugAtProd":false,"type":"application"}
2019-11-27 18:04:55,428 INFO 11460 [egg-multipart] stream mode enable
2019-11-27 18:04:55,468 INFO 11460 [egg-static] starting static serve /public/ -> /Users/gongjurui/woniu/eggdemos/app/public
2019-11-27 18:04:55,471 INFO 11460 [egg-security] use csrf middleware
2019-11-27 18:04:55,471 INFO 11460 [egg-security] use methodnoallow middleware
2019-11-27 18:04:55,472 INFO 11460 [egg-security] use noopen middleware
2019-11-27 18:04:55,472 INFO 11460 [egg-security] use nosniff middleware
2019-11-27 18:04:55,473 INFO 11460 [egg-security] use xssProtection middleware
2019-11-27 18:04:55,473 INFO 11460 [egg-security] use xframe middleware
2019-11-27 18:04:55,473 INFO 11460 [egg-security] use dta middleware
2019-11-27 18:04:55,473 INFO 11460 [egg-security] compose 7 middlewares into one security middleware
2019-11-27 18:04:55,485 INFO 11460 [egg:core] dump config after load, 5ms
2019-11-27 18:04:55,497 INFO 11460 [egg-watcher:application] watcher start success
2019-11-27 18:04:55,503 INFO 11460 [egg:core] dump config after ready, 4ms
2019-11-27 18:05:13,756 INFO 11468 [egg:logger] init all loggers with options: {"dir":"/Users/gongjurui/woniu/eggdemos/logs/eggdemos","encoding":"utf8","env":"local","level":"INFO","consoleLevel":"INFO","disableConsoleAfterReady":false,"outputJSON":false,"buffer":true,"appLogName":"eggdemos-web.log","coreLogName":"egg-web.log","agentLogName":"egg-agent.log","errorLogName":"common-error.log","coreLogger":{"consoleLevel":"WARN"},"allowDebugAtProd":false,"type":"application"}
2019-11-27 18:05:13,809 INFO 11468 [egg-multipart] stream mode enable
2019-11-27 18:05:13,870 INFO 11468 [egg-static] starting static serve /public/ -> /Users/gongjurui/woniu/eggdemos/app/public
2019-11-27 18:05:13,874 INFO 11468 [egg-security] use csrf middleware
2019-11-27 18:05:13,874 INFO 11468 [egg-security] use methodnoallow middleware
2019-11-27 18:05:13,875 INFO 11468 [egg-security] use noopen middleware
2019-11-27 18:05:13,876 INFO 11468 [egg-security] use nosniff middleware
2019-11-27 18:05:13,876 INFO 11468 [egg-security] use xssProtection middleware
2019-11-27 18:05:13,877 INFO 11468 [egg-security] use xframe middleware
2019-11-27 18:05:13,877 INFO 11468 [egg-security] use dta middleware
2019-11-27 18:05:13,877 INFO 11468 [egg-security] compose 7 middlewares into one security middleware
2019-11-27 18:05:13,889 INFO 11468 [egg:core] dump config after load, 6ms
2019-11-27 18:05:13,905 INFO 11468 [egg-watcher:application] watcher start success
2019-11-27 18:05:13,918 INFO 11468 [egg:core] dump config after ready, 6ms
2019-11-27 18:05:47,217 INFO 11494 [egg:logger] init all loggers with options: {"dir":"/Users/gongjurui/woniu/eggdemos/logs/eggdemos","encoding":"utf8","env":"local","level":"INFO","consoleLevel":"INFO","disableConsoleAfterReady":false,"outputJSON":false,"buffer":true,"appLogName":"eggdemos-web.log","coreLogName":"egg-web.log","agentLogName":"egg-agent.log","errorLogName":"common-error.log","coreLogger":{"consoleLevel":"WARN"},"allowDebugAtProd":false,"type":"application"}
2019-11-27 18:05:47,278 INFO 11494 [egg-multipart] stream mode enable
2019-11-27 18:05:47,414 INFO 11494 [egg-static] starting static serve /public/ -> /Users/gongjurui/woniu/eggdemos/app/public
2019-11-27 18:05:47,418 INFO 11494 [egg-security] use csrf middleware
2019-11-27 18:05:47,418 INFO 11494 [egg-security] use methodnoallow middleware
2019-11-27 18:05:47,419 INFO 11494 [egg-security] use noopen middleware
2019-11-27 18:05:47,419 INFO 11494 [egg-security] use nosniff middleware
2019-11-27 18:05:47,419 INFO 11494 [egg-security] use xssProtection middleware
2019-11-27 18:05:47,420 INFO 11494 [egg-security] use xframe middleware
2019-11-27 18:05:47,420 INFO 11494 [egg-security] use dta middleware
2019-11-27 18:05:47,420 INFO 11494 [egg-security] compose 7 middlewares into one security middleware
2019-11-27 18:05:47,434 INFO 11494 [egg:core] dump config after load, 9ms
2019-11-27 18:05:47,454 INFO 11494 [egg-watcher:application] watcher start success
2019-11-27 18:05:47,464 INFO 11494 [egg:core] dump config after ready, 5ms
2019-11-27 18:05:53,547 INFO 11502 [egg:logger] init all loggers with options: {"dir":"/Users/gongjurui/woniu/eggdemos/logs/eggdemos","encoding":"utf8","env":"local","level":"INFO","consoleLevel":"INFO","disableConsoleAfterReady":false,"outputJSON":false,"buffer":true,"appLogName":"eggdemos-web.log","coreLogName":"egg-web.log","agentLogName":"egg-agent.log","errorLogName":"common-error.log","coreLogger":{"consoleLevel":"WARN"},"allowDebugAtProd":false,"type":"application"}
2019-11-27 18:05:53,594 INFO 11502 [egg-multipart] stream mode enable
2019-11-27 18:05:53,705 INFO 11502 [egg-static] starting static serve /public/ -> /Users/gongjurui/woniu/eggdemos/app/public
2019-11-27 18:05:53,710 INFO 11502 [egg-security] use csrf middleware
2019-11-27 18:05:53,715 INFO 11502 [egg-security] use methodnoallow middleware
2019-11-27 18:05:53,718 INFO 11502 [egg-security] use noopen middleware
2019-11-27 18:05:53,720 INFO 11502 [egg-security] use nosniff middleware
2019-11-27 18:05:53,721 INFO 11502 [egg-security] use xssProtection middleware
2019-11-27 18:05:53,722 INFO 11502 [egg-security] use xframe middleware
2019-11-27 18:05:53,722 INFO 11502 [egg-security] use dta middleware
2019-11-27 18:05:53,722 INFO 11502 [egg-security] compose 7 middlewares into one security middleware
2019-11-27 18:05:53,760 INFO 11502 [egg:core] dump config after load, 10ms
2019-11-27 18:05:53,778 INFO 11502 [egg-watcher:application] watcher start success
2019-11-27 18:05:53,789 INFO 11502 [egg:core] dump config after ready, 6ms
2019-11-27 18:07:13,708 INFO 11520 [egg:logger] init all loggers with options: {"dir":"/Users/gongjurui/woniu/eggdemos/logs/eggdemos","encoding":"utf8","env":"local","level":"INFO","consoleLevel":"INFO","disableConsoleAfterReady":false,"outputJSON":false,"buffer":true,"appLogName":"eggdemos-web.log","coreLogName":"egg-web.log","agentLogName":"egg-agent.log","errorLogName":"common-error.log","coreLogger":{"consoleLevel":"WARN"},"allowDebugAtProd":false,"type":"application"}
2019-11-27 18:07:13,806 INFO 11520 [egg-multipart] stream mode enable
2019-11-27 18:07:13,952 INFO 11520 [egg-static] starting static serve /public/ -> /Users/gongjurui/woniu/eggdemos/app/public
2019-11-27 18:07:13,955 INFO 11520 [egg-security] use csrf middleware
2019-11-27 18:07:13,961 INFO 11520 [egg-security] use methodnoallow middleware
2019-11-27 18:07:13,962 INFO 11520 [egg-security] use noopen middleware
2019-11-27 18:07:13,967 INFO 11520 [egg-security] use nosniff middleware
2019-11-27 18:07:13,969 INFO 11520 [egg-security] use xssProtection middleware
2019-11-27 18:07:13,970 INFO 11520 [egg-security] use xframe middleware
2019-11-27 18:07:13,971 INFO 11520 [egg-security] use dta middleware
2019-11-27 18:07:13,971 INFO 11520 [egg-security] compose 7 middlewares into one security middleware
2019-11-27 18:07:13,990 INFO 11520 [egg:core] dump config after load, 11ms
2019-11-27 18:07:14,010 INFO 11520 [egg-watcher:application] watcher start success
2019-11-27 18:07:14,022 INFO 11520 [egg:core] dump config after ready, 10ms
2019-11-27 18:08:04,010 INFO 11528 [egg:logger] init all loggers with options: {"dir":"/Users/gongjurui/woniu/eggdemos/logs/eggdemos","encoding":"utf8","env":"local","level":"INFO","consoleLevel":"INFO","disableConsoleAfterReady":false,"outputJSON":false,"buffer":true,"appLogName":"eggdemos-web.log","coreLogName":"egg-web.log","agentLogName":"egg-agent.log","errorLogName":"common-error.log","coreLogger":{"consoleLevel":"WARN"},"allowDebugAtProd":false,"type":"application"}
2019-11-27 18:08:04,056 INFO 11528 [egg-multipart] stream mode enable
2019-11-27 18:08:04,172 INFO 11528 [egg-static] starting static serve /public/ -> /Users/gongjurui/woniu/eggdemos/app/public
2019-11-27 18:08:04,175 INFO 11528 [egg-security] use csrf middleware
2019-11-27 18:08:04,178 INFO 11528 [egg-security] use methodnoallow middleware
2019-11-27 18:08:04,180 INFO 11528 [egg-security] use noopen middleware
2019-11-27 18:08:04,181 INFO 11528 [egg-security] use nosniff middleware
2019-11-27 18:08:04,182 INFO 11528 [egg-security] use xssProtection middleware
2019-11-27 18:08:04,183 INFO 11528 [egg-security] use xframe middleware
2019-11-27 18:08:04,183 INFO 11528 [egg-security] use dta middleware
2019-11-27 18:08:04,184 INFO 11528 [egg-security] compose 7 middlewares into one security middleware
2019-11-27 18:08:04,199 INFO 11528 [egg:core] dump config after load, 9ms
2019-11-27 18:08:04,217 INFO 11528 [egg-watcher:application] watcher start success
2019-11-27 18:08:04,223 INFO 11528 [egg:core] dump config after ready, 4ms
2019-11-27 18:08:28,078 INFO 11543 [egg:logger] init all loggers with options: {"dir":"/Users/gongjurui/woniu/eggdemos/logs/eggdemos","encoding":"utf8","env":"local","level":"INFO","consoleLevel":"INFO","disableConsoleAfterReady":false,"outputJSON":false,"buffer":true,"appLogName":"eggdemos-web.log","coreLogName":"egg-web.log","agentLogName":"egg-agent.log","errorLogName":"common-error.log","coreLogger":{"consoleLevel":"WARN"},"allowDebugAtProd":false,"type":"application"}
2019-11-27 18:08:28,115 INFO 11543 [egg-multipart] stream mode enable
2019-11-27 18:08:28,195 INFO 11543 [egg-static] starting static serve /public/ -> /Users/gongjurui/woniu/eggdemos/app/public
2019-11-27 18:08:28,198 INFO 11543 [egg-security] use csrf middleware
2019-11-27 18:08:28,199 INFO 11543 [egg-security] use methodnoallow middleware
2019-11-27 18:08:28,200 INFO 11543 [egg-security] use noopen middleware
2019-11-27 18:08:28,201 INFO 11543 [egg-security] use nosniff middleware
2019-11-27 18:08:28,202 INFO 11543 [egg-security] use xssProtection middleware
2019-11-27 18:08:28,202 INFO 11543 [egg-security] use xframe middleware
2019-11-27 18:08:28,203 INFO 11543 [egg-security] use dta middleware
2019-11-27 18:08:28,203 INFO 11543 [egg-security] compose 7 middlewares into one security middleware
2019-11-27 18:08:28,217 INFO 11543 [egg:core] dump config after load, 6ms
2019-11-27 18:08:28,234 INFO 11543 [egg-watcher:application] watcher start success
2019-11-27 18:08:28,242 INFO 11543 [egg:core] dump config after ready, 6ms
2019-11-27 18:08:39,712 INFO 11558 [egg:logger] init all loggers with options: {"dir":"/Users/gongjurui/woniu/eggdemos/logs/eggdemos","encoding":"utf8","env":"local","level":"INFO","consoleLevel":"INFO","disableConsoleAfterReady":false,"outputJSON":false,"buffer":true,"appLogName":"eggdemos-web.log","coreLogName":"egg-web.log","agentLogName":"egg-agent.log","errorLogName":"common-error.log","coreLogger":{"consoleLevel":"WARN"},"allowDebugAtProd":false,"type":"application"}
2019-11-27 18:08:39,755 INFO 11558 [egg-multipart] stream mode enable
2019-11-27 18:08:39,860 INFO 11558 [egg-static] starting static serve /public/ -> /Users/gongjurui/woniu/eggdemos/app/public
2019-11-27 18:08:39,866 INFO 11558 [egg-security] use csrf middleware
2019-11-27 18:08:39,867 INFO 11558 [egg-security] use methodnoallow middleware
2019-11-27 18:08:39,868 INFO 11558 [egg-security] use noopen middleware
2019-11-27 18:08:39,869 INFO 11558 [egg-security] use nosniff middleware
2019-11-27 18:08:39,870 INFO 11558 [egg-security] use xssProtection middleware
2019-11-27 18:08:39,870 INFO 11558 [egg-security] use xframe middleware
2019-11-27 18:08:39,871 INFO 11558 [egg-security] use dta middleware
2019-11-27 18:08:39,871 INFO 11558 [egg-security] compose 7 middlewares into one security middleware
2019-11-27 18:08:39,883 INFO 11558 [egg:core] dump config after load, 7ms
2019-11-27 18:08:39,897 INFO 11558 [egg-watcher:application] watcher start success
2019-11-27 18:08:39,904 INFO 11558 [egg:core] dump config after ready, 5ms
2019-11-27 18:08:52,374 INFO 11573 [egg:logger] init all loggers with options: {"dir":"/Users/gongjurui/woniu/eggdemos/logs/eggdemos","encoding":"utf8","env":"local","level":"INFO","consoleLevel":"INFO","disableConsoleAfterReady":false,"outputJSON":false,"buffer":true,"appLogName":"eggdemos-web.log","coreLogName":"egg-web.log","agentLogName":"egg-agent.log","errorLogName":"common-error.log","coreLogger":{"consoleLevel":"WARN"},"allowDebugAtProd":false,"type":"application"}
2019-11-27 18:08:52,421 INFO 11573 [egg-multipart] stream mode enable
2019-11-27 18:08:52,508 INFO 11573 [egg-static] starting static serve /public/ -> /Users/gongjurui/woniu/eggdemos/app/public
2019-11-27 18:08:52,521 INFO 11573 [egg-security] use csrf middleware
2019-11-27 18:08:52,523 INFO 11573 [egg-security] use methodnoallow middleware
2019-11-27 18:08:52,524 INFO 11573 [egg-security] use noopen middleware
2019-11-27 18:08:52,525 INFO 11573 [egg-security] use nosniff middleware
2019-11-27 18:08:52,525 INFO 11573 [egg-security] use xssProtection middleware
2019-11-27 18:08:52,526 INFO 11573 [egg-security] use xframe middleware
2019-11-27 18:08:52,526 INFO 11573 [egg-security] use dta middleware
2019-11-27 18:08:52,526 INFO 11573 [egg-security] compose 7 middlewares into one security middleware
2019-11-27 18:08:52,538 INFO 11573 [egg:core] dump config after load, 6ms
2019-11-27 18:08:52,553 INFO 11573 [egg-watcher:application] watcher start success
2019-11-27 18:08:52,563 INFO 11573 [egg:core] dump config after ready, 6ms
2019-11-27 18:09:04,167 INFO 11588 [egg:logger] init all loggers with options: {"dir":"/Users/gongjurui/woniu/eggdemos/logs/eggdemos","encoding":"utf8","env":"local","level":"INFO","consoleLevel":"INFO","disableConsoleAfterReady":false,"outputJSON":false,"buffer":true,"appLogName":"eggdemos-web.log","coreLogName":"egg-web.log","agentLogName":"egg-agent.log","errorLogName":"common-error.log","coreLogger":{"consoleLevel":"WARN"},"allowDebugAtProd":false,"type":"application"}
2019-11-27 18:09:04,210 INFO 11588 [egg-multipart] stream mode enable
2019-11-27 18:09:04,306 INFO 11588 [egg-static] starting static serve /public/ -> /Users/gongjurui/woniu/eggdemos/app/public
2019-11-27 18:09:04,310 INFO 11588 [egg-security] use csrf middleware
2019-11-27 18:09:04,311 INFO 11588 [egg-security] use methodnoallow middleware
2019-11-27 18:09:04,312 INFO 11588 [egg-security] use noopen middleware
2019-11-27 18:09:04,313 INFO 11588 [egg-security] use nosniff middleware
2019-11-27 18:09:04,314 INFO 11588 [egg-security] use xssProtection middleware
2019-11-27 18:09:04,315 INFO 11588 [egg-security] use xframe middleware
2019-11-27 18:09:04,315 INFO 11588 [egg-security] use dta middleware
2019-11-27 18:09:04,315 INFO 11588 [egg-security] compose 7 middlewares into one security middleware
2019-11-27 18:09:04,334 INFO 11588 [egg:core] dump config after load, 11ms
2019-11-27 18:09:04,355 INFO 11588 [egg-watcher:application] watcher start success
2019-11-27 18:09:04,369 INFO 11588 [egg:core] dump config after ready, 10ms
2019-11-27 18:09:08,662 INFO 11588 [egg-view-nunjucks] loading templates from ["/Users/gongjurui/woniu/eggdemos/app/view"]
2019-11-27 18:11:19,218 INFO 11613 [egg:logger] init all loggers with options: {"dir":"/Users/gongjurui/woniu/eggdemos/logs/eggdemos","encoding":"utf8","env":"local","level":"INFO","consoleLevel":"INFO","disableConsoleAfterReady":false,"outputJSON":false,"buffer":true,"appLogName":"eggdemos-web.log","coreLogName":"egg-web.log","agentLogName":"egg-agent.log","errorLogName":"common-error.log","coreLogger":{"consoleLevel":"WARN"},"allowDebugAtProd":false,"type":"application"}
2019-11-27 18:11:19,249 INFO 11613 [egg-multipart] stream mode enable
2019-11-27 18:11:19,329 INFO 11613 [egg-static] starting static serve /public/ -> /Users/gongjurui/woniu/eggdemos/app/public
2019-11-27 18:11:19,332 INFO 11613 [egg-security] use csrf middleware
2019-11-27 18:11:19,333 INFO 11613 [egg-security] use methodnoallow middleware
2019-11-27 18:11:19,334 INFO 11613 [egg-security] use noopen middleware
2019-11-27 18:11:19,335 INFO 11613 [egg-security] use nosniff middleware
2019-11-27 18:11:19,335 INFO 11613 [egg-security] use xssProtection middleware
2019-11-27 18:11:19,336 INFO 11613 [egg-security] use xframe middleware
2019-11-27 18:11:19,337 INFO 11613 [egg-security] use dta middleware
2019-11-27 18:11:19,337 INFO 11613 [egg-security] compose 7 middlewares into one security middleware
2019-11-27 18:11:19,350 INFO 11613 [egg:core] dump config after load, 7ms
2019-11-27 18:11:19,362 INFO 11613 [egg-watcher:application] watcher start success
2019-11-27 18:11:19,368 INFO 11613 [egg:core] dump config after ready, 4ms
2019-11-27 18:12:26,586 INFO 11630 [egg:logger] init all loggers with options: {"dir":"/Users/gongjurui/woniu/eggdemos/logs/eggdemos","encoding":"utf8","env":"local","level":"INFO","consoleLevel":"INFO","disableConsoleAfterReady":false,"outputJSON":false,"buffer":true,"appLogName":"eggdemos-web.log","coreLogName":"egg-web.log","agentLogName":"egg-agent.log","errorLogName":"common-error.log","coreLogger":{"consoleLevel":"WARN"},"allowDebugAtProd":false,"type":"application"}
2019-11-27 18:12:26,631 INFO 11630 [egg-multipart] stream mode enable
2019-11-27 18:12:26,724 INFO 11630 [egg-static] starting static serve /public/ -> /Users/gongjurui/woniu/eggdemos/app/public
2019-11-27 18:12:26,726 INFO 11630 [egg-security] use csrf middleware
2019-11-27 18:12:26,728 INFO 11630 [egg-security] use methodnoallow middleware
2019-11-27 18:12:26,728 INFO 11630 [egg-security] use noopen middleware
2019-11-27 18:12:26,730 INFO 11630 [egg-security] use nosniff middleware
2019-11-27 18:12:26,731 INFO 11630 [egg-security] use xssProtection middleware
2019-11-27 18:12:26,732 INFO 11630 [egg-security] use xframe middleware
2019-11-27 18:12:26,732 INFO 11630 [egg-security] use dta middleware
2019-11-27 18:12:26,732 INFO 11630 [egg-security] compose 7 middlewares into one security middleware
2019-11-27 18:12:26,757 INFO 11630 [egg:core] dump config after load, 17ms
2019-11-27 18:12:26,775 INFO 11630 [egg-watcher:application] watcher start success
2019-11-27 18:12:26,783 INFO 11630 [egg:core] dump config after ready, 6ms
2019-11-27 18:12:29,025 INFO 11630 [egg-view-nunjucks] loading templates from ["/Users/gongjurui/woniu/eggdemos/app/view"]
2019-11-27 18:13:25,510 INFO 11646 [egg:logger] init all loggers with options: {"dir":"/Users/gongjurui/woniu/eggdemos/logs/eggdemos","encoding":"utf8","env":"local","level":"INFO","consoleLevel":"INFO","disableConsoleAfterReady":false,"outputJSON":false,"buffer":true,"appLogName":"eggdemos-web.log","coreLogName":"egg-web.log","agentLogName":"egg-agent.log","errorLogName":"common-error.log","coreLogger":{"consoleLevel":"WARN"},"allowDebugAtProd":false,"type":"application"}
2019-11-27 18:13:25,548 INFO 11646 [egg-multipart] stream mode enable
2019-11-27 18:13:25,624 INFO 11646 [egg-static] starting static serve /public/ -> /Users/gongjurui/woniu/eggdemos/app/public
2019-11-27 18:13:25,627 INFO 11646 [egg-security] use csrf middleware
2019-11-27 18:13:25,630 INFO 11646 [egg-security] use methodnoallow middleware
2019-11-27 18:13:25,631 INFO 11646 [egg-security] use noopen middleware
2019-11-27 18:13:25,632 INFO 11646 [egg-security] use nosniff middleware
2019-11-27 18:13:25,633 INFO 11646 [egg-security] use xssProtection middleware
2019-11-27 18:13:25,634 INFO 11646 [egg-security] use xframe middleware
2019-11-27 18:13:25,634 INFO 11646 [egg-security] use dta middleware
2019-11-27 18:13:25,634 INFO 11646 [egg-security] compose 7 middlewares into one security middleware
2019-11-27 18:13:25,656 INFO 11646 [egg:core] dump config after load, 6ms
2019-11-27 18:13:25,673 INFO 11646 [egg-watcher:application] watcher start success
2019-11-27 18:13:25,684 INFO 11646 [egg:core] dump config after ready, 8ms
2019-11-27 18:16:08,479 INFO 11672 [egg:logger] init all loggers with options: {"dir":"/Users/gongjurui/woniu/eggdemos/logs/eggdemos","encoding":"utf8","env":"local","level":"INFO","consoleLevel":"INFO","disableConsoleAfterReady":false,"outputJSON":false,"buffer":true,"appLogName":"eggdemos-web.log","coreLogName":"egg-web.log","agentLogName":"egg-agent.log","errorLogName":"common-error.log","coreLogger":{"consoleLevel":"WARN"},"allowDebugAtProd":false,"type":"application"}
2019-11-27 18:16:08,510 INFO 11672 [egg-multipart] stream mode enable
2019-11-27 18:16:08,614 INFO 11672 [egg-static] starting static serve /public/ -> /Users/gongjurui/woniu/eggdemos/app/public
2019-11-27 18:16:08,618 INFO 11672 [egg-security] use csrf middleware
2019-11-27 18:16:08,619 INFO 11672 [egg-security] use methodnoallow middleware
2019-11-27 18:16:08,620 INFO 11672 [egg-security] use noopen middleware
2019-11-27 18:16:08,622 INFO 11672 [egg-security] use nosniff middleware
2019-11-27 18:16:08,622 INFO 11672 [egg-security] use xssProtection middleware
2019-11-27 18:16:08,623 INFO 11672 [egg-security] use xframe middleware
2019-11-27 18:16:08,624 INFO 11672 [egg-security] use dta middleware
2019-11-27 18:16:08,624 INFO 11672 [egg-security] compose 7 middlewares into one security middleware
2019-11-27 18:16:08,637 INFO 11672 [egg:core] dump config after load, 7ms
2019-11-27 18:16:08,651 INFO 11672 [egg-watcher:application] watcher start success
2019-11-27 18:16:08,658 INFO 11672 [egg:core] dump config after ready, 5ms
2019-11-27 18:16:36,214 INFO 11691 [egg:logger] init all loggers with options: {"dir":"/Users/gongjurui/woniu/eggdemos/logs/eggdemos","encoding":"utf8","env":"local","level":"INFO","consoleLevel":"INFO","disableConsoleAfterReady":false,"outputJSON":false,"buffer":true,"appLogName":"eggdemos-web.log","coreLogName":"egg-web.log","agentLogName":"egg-agent.log","errorLogName":"common-error.log","coreLogger":{"consoleLevel":"WARN"},"allowDebugAtProd":false,"type":"application"}
2019-11-27 18:16:36,257 INFO 11691 [egg-multipart] stream mode enable
2019-11-27 18:16:36,333 INFO 11691 [egg-static] starting static serve /public/ -> /Users/gongjurui/woniu/eggdemos/app/public
2019-11-27 18:16:36,337 INFO 11691 [egg-security] use csrf middleware
2019-11-27 18:16:36,338 INFO 11691 [egg-security] use methodnoallow middleware
2019-11-27 18:16:36,338 INFO 11691 [egg-security] use noopen middleware
2019-11-27 18:16:36,339 INFO 11691 [egg-security] use nosniff middleware
2019-11-27 18:16:36,340 INFO 11691 [egg-security] use xssProtection middleware
2019-11-27 18:16:36,340 INFO 11691 [egg-security] use xframe middleware
2019-11-27 18:16:36,341 INFO 11691 [egg-security] use dta middleware
2019-11-27 18:16:36,341 INFO 11691 [egg-security] compose 7 middlewares into one security middleware
2019-11-27 18:16:36,351 INFO 11691 [egg:core] dump config after load, 5ms
2019-11-27 18:16:36,362 INFO 11691 [egg-watcher:application] watcher start success
2019-11-27 18:16:36,369 INFO 11691 [egg:core] dump config after ready, 4ms
2019-11-27 18:16:50,489 INFO 11691 [egg-view-nunjucks] loading templates from ["/Users/gongjurui/woniu/eggdemos/app/view"]
2019-11-27 18:17:09,442 INFO 11707 [egg:logger] init all loggers with options: {"dir":"/Users/gongjurui/woniu/eggdemos/logs/eggdemos","encoding":"utf8","env":"local","level":"INFO","consoleLevel":"INFO","disableConsoleAfterReady":false,"outputJSON":false,"buffer":true,"appLogName":"eggdemos-web.log","coreLogName":"egg-web.log","agentLogName":"egg-agent.log","errorLogName":"common-error.log","coreLogger":{"consoleLevel":"WARN"},"allowDebugAtProd":false,"type":"application"}
2019-11-27 18:17:09,476 INFO 11707 [egg-multipart] stream mode enable
2019-11-27 18:17:09,566 INFO 11707 [egg-static] starting static serve /public/ -> /Users/gongjurui/woniu/eggdemos/app/public
2019-11-27 18:17:09,571 INFO 11707 [egg-security] use csrf middleware
2019-11-27 18:17:09,573 INFO 11707 [egg-security] use methodnoallow middleware
2019-11-27 18:17:09,574 INFO 11707 [egg-security] use noopen middleware
2019-11-27 18:17:09,575 INFO 11707 [egg-security] use nosniff middleware
2019-11-27 18:17:09,575 INFO 11707 [egg-security] use xssProtection middleware
2019-11-27 18:17:09,576 INFO 11707 [egg-security] use xframe middleware
2019-11-27 18:17:09,577 INFO 11707 [egg-security] use dta middleware
2019-11-27 18:17:09,577 INFO 11707 [egg-security] compose 7 middlewares into one security middleware
2019-11-27 18:17:09,591 INFO 11707 [egg:core] dump config after load, 6ms
2019-11-27 18:17:09,607 INFO 11707 [egg-watcher:application] watcher start success
2019-11-27 18:17:09,614 INFO 11707 [egg:core] dump config after ready, 5ms
2019-11-27 18:17:10,750 INFO 11707 [egg-view-nunjucks] loading templates from ["/Users/gongjurui/woniu/eggdemos/app/view"]
2019-11-27 18:17:32,949 INFO 11723 [egg:logger] init all loggers with options: {"dir":"/Users/gongjurui/woniu/eggdemos/logs/eggdemos","encoding":"utf8","env":"local","level":"INFO","consoleLevel":"INFO","disableConsoleAfterReady":false,"outputJSON":false,"buffer":true,"appLogName":"eggdemos-web.log","coreLogName":"egg-web.log","agentLogName":"egg-agent.log","errorLogName":"common-error.log","coreLogger":{"consoleLevel":"WARN"},"allowDebugAtProd":false,"type":"application"}
2019-11-27 18:17:32,987 INFO 11723 [egg-multipart] stream mode enable
2019-11-27 18:17:33,060 INFO 11723 [egg-static] starting static serve /public/ -> /Users/gongjurui/woniu/eggdemos/app/public
2019-11-27 18:17:33,063 INFO 11723 [egg-security] use csrf middleware
2019-11-27 18:17:33,064 INFO 11723 [egg-security] use methodnoallow middleware
2019-11-27 18:17:33,064 INFO 11723 [egg-security] use noopen middleware
2019-11-27 18:17:33,065 INFO 11723 [egg-security] use nosniff middleware
2019-11-27 18:17:33,065 INFO 11723 [egg-security] use xssProtection middleware
2019-11-27 18:17:33,066 INFO 11723 [egg-security] use xframe middleware
2019-11-27 18:17:33,066 INFO 11723 [egg-security] use dta middleware
2019-11-27 18:17:33,066 INFO 11723 [egg-security] compose 7 middlewares into one security middleware
2019-11-27 18:17:33,078 INFO 11723 [egg:core] dump config after load, 7ms
2019-11-27 18:17:33,102 INFO 11723 [egg-watcher:application] watcher start success
2019-11-27 18:17:33,112 INFO 11723 [egg:core] dump config after ready, 8ms
2019-11-27 18:17:40,346 INFO 11742 [egg:logger] init all loggers with options: {"dir":"/Users/gongjurui/woniu/eggdemos/logs/eggdemos","encoding":"utf8","env":"local","level":"INFO","consoleLevel":"INFO","disableConsoleAfterReady":false,"outputJSON":false,"buffer":true,"appLogName":"eggdemos-web.log","coreLogName":"egg-web.log","agentLogName":"egg-agent.log","errorLogName":"common-error.log","coreLogger":{"consoleLevel":"WARN"},"allowDebugAtProd":false,"type":"application"}
2019-11-27 18:17:40,445 INFO 11742 [egg-multipart] stream mode enable
2019-11-27 18:17:40,504 INFO 11742 [egg-static] starting static serve /public/ -> /Users/gongjurui/woniu/eggdemos/app/public
2019-11-27 18:17:40,506 INFO 11742 [egg-security] use csrf middleware
2019-11-27 18:17:40,508 INFO 11742 [egg-security] use methodnoallow middleware
2019-11-27 18:17:40,508 INFO 11742 [egg-security] use noopen middleware
2019-11-27 18:17:40,509 INFO 11742 [egg-security] use nosniff middleware
2019-11-27 18:17:40,509 INFO 11742 [egg-security] use xssProtection middleware
2019-11-27 18:17:40,509 INFO 11742 [egg-security] use xframe middleware
2019-11-27 18:17:40,510 INFO 11742 [egg-security] use dta middleware
2019-11-27 18:17:40,510 INFO 11742 [egg-security] compose 7 middlewares into one security middleware
2019-11-27 18:17:40,524 INFO 11742 [egg:core] dump config after load, 6ms
2019-11-27 18:17:40,537 INFO 11742 [egg-watcher:application] watcher start success
2019-11-27 18:17:40,551 INFO 11742 [egg:core] dump config after ready, 9ms
2019-11-27 18:17:41,387 INFO 11743 [egg:logger] init all loggers with options: {"dir":"/Users/gongjurui/woniu/eggdemos/logs/eggdemos","encoding":"utf8","env":"local","level":"INFO","consoleLevel":"INFO","disableConsoleAfterReady":false,"outputJSON":false,"buffer":true,"appLogName":"eggdemos-web.log","coreLogName":"egg-web.log","agentLogName":"egg-agent.log","errorLogName":"common-error.log","coreLogger":{"consoleLevel":"WARN"},"allowDebugAtProd":false,"type":"application"}
2019-11-27 18:17:41,419 INFO 11743 [egg-multipart] stream mode enable
2019-11-27 18:17:41,478 INFO 11743 [egg-static] starting static serve /public/ -> /Users/gongjurui/woniu/eggdemos/app/public
2019-11-27 18:17:41,480 INFO 11743 [egg-security] use csrf middleware
2019-11-27 18:17:41,481 INFO 11743 [egg-security] use methodnoallow middleware
2019-11-27 18:17:41,481 INFO 11743 [egg-security] use noopen middleware
2019-11-27 18:17:41,482 INFO 11743 [egg-security] use nosniff middleware
2019-11-27 18:17:41,482 INFO 11743 [egg-security] use xssProtection middleware
2019-11-27 18:17:41,483 INFO 11743 [egg-security] use xframe middleware
2019-11-27 18:17:41,483 INFO 11743 [egg-security] use dta middleware
2019-11-27 18:17:41,483 INFO 11743 [egg-security] compose 7 middlewares into one security middleware
2019-11-27 18:17:41,493 INFO 11743 [egg:core] dump config after load, 4ms
2019-11-27 18:17:41,504 INFO 11743 [egg-watcher:application] watcher start success
2019-11-27 18:17:41,510 INFO 11743 [egg:core] dump config after ready, 4ms
2019-11-27 18:17:47,875 INFO 11743 [egg-view-nunjucks] loading templates from ["/Users/gongjurui/woniu/eggdemos/app/view"]
2019-11-27 18:18:31,064 INFO 11762 [egg:logger] init all loggers with options: {"dir":"/Users/gongjurui/woniu/eggdemos/logs/eggdemos","encoding":"utf8","env":"local","level":"INFO","consoleLevel":"INFO","disableConsoleAfterReady":false,"outputJSON":false,"buffer":true,"appLogName":"eggdemos-web.log","coreLogName":"egg-web.log","agentLogName":"egg-agent.log","errorLogName":"common-error.log","coreLogger":{"consoleLevel":"WARN"},"allowDebugAtProd":false,"type":"application"}
2019-11-27 18:18:31,095 INFO 11762 [egg-multipart] stream mode enable
2019-11-27 18:18:31,157 INFO 11762 [egg-static] starting static serve /public/ -> /Users/gongjurui/woniu/eggdemos/app/public
2019-11-27 18:18:31,159 INFO 11762 [egg-security] use csrf middleware
2019-11-27 18:18:31,160 INFO 11762 [egg-security] use methodnoallow middleware
2019-11-27 18:18:31,160 INFO 11762 [egg-security] use noopen middleware
2019-11-27 18:18:31,161 INFO 11762 [egg-security] use nosniff middleware
2019-11-27 18:18:31,161 INFO 11762 [egg-security] use xssProtection middleware
2019-11-27 18:18:31,161 INFO 11762 [egg-security] use xframe middleware
2019-11-27 18:18:31,162 INFO 11762 [egg-security] use dta middleware
2019-11-27 18:18:31,162 INFO 11762 [egg-security] compose 7 middlewares into one security middleware
2019-11-27 18:18:31,173 INFO 11762 [egg:core] dump config after load, 5ms
2019-11-27 18:18:31,185 INFO 11762 [egg-watcher:application] watcher start success
2019-11-27 18:18:31,191 INFO 11762 [egg:core] dump config after ready, 4ms
