2019-11-24 14:10:59,477 ERROR 4797 [-/127.0.0.1/-/5ms GET /] nodejs.Error: Please set config.keys first
    at Application.get keys [as keys] (/Users/gongjurui/winiu/eggdemos/node_modules/_egg@2.25.0@egg/lib/application.js:266:15)
    at Object.get cookies [as cookies] (/Users/gongjurui/winiu/eggdemos/node_modules/_egg@2.25.0@egg/app/extend/context.js:22:66)
    at Object.get [egg-security#CSRF_SECRET] (/Users/gongjurui/winiu/eggdemos/node_modules/_egg-security@2.7.1@egg-security/app/extend/context.js:86:33)
    at Object.ensureCsrfSecret (/Users/gongjurui/winiu/eggdemos/node_modules/_egg-security@2.7.1@egg-security/app/extend/context.js:97:13)
    at csrf (/Users/gongjurui/winiu/eggdemos/node_modules/_egg-security@2.7.1@egg-security/lib/middlewares/csrf.js:15:11)
    at dispatch (/Users/gongjurui/winiu/eggdemos/node_modules/_koa-compose@4.1.0@koa-compose/index.js:42:32)
    at /Users/gongjurui/winiu/eggdemos/node_modules/_koa-compose@4.1.0@koa-compose/index.js:34:12
    at dispatch (/Users/gongjurui/winiu/eggdemos/node_modules/_koa-compose@4.1.0@koa-compose/index.js:42:32)
    at session (/Users/gongjurui/winiu/eggdemos/node_modules/_koa-session@5.12.3@koa-session/index.js:41:13)
    at dispatch (/Users/gongjurui/winiu/eggdemos/node_modules/_koa-compose@4.1.0@koa-compose/index.js:42:32)

pid: 4797
hostname: gongjuruideMacBook-Pro-2.local

2019-11-24 14:14:46,042 ERROR 4823 [-/127.0.0.1/-/10ms GET /news] nodejs.AssertionError [ERR_ASSERTION]: Can't find news/list.tpl from /Users/gongjurui/winiu/eggdemos/app/view
    at Map.resolve (/Users/gongjurui/winiu/eggdemos/node_modules/_egg-view@2.1.2@egg-view/lib/view_manager.js:74:5)
    at <anonymous>
generatedMessage: false
name: "AssertionError [ERR_ASSERTION]"
code: "ERR_ASSERTION"
actual: undefined
expected: true
operator: "=="
pid: 4823
hostname: gongjuruideMacBook-Pro-2.local

2019-11-24 14:15:54,361 ERROR 4823 [-/127.0.0.1/-/1ms GET /news] nodejs.AssertionError [ERR_ASSERTION]: Can't find news/list.tpl from /Users/gongjurui/winiu/eggdemos/app/view
    at Map.resolve (/Users/gongjurui/winiu/eggdemos/node_modules/_egg-view@2.1.2@egg-view/lib/view_manager.js:74:5)
    at <anonymous>
generatedMessage: false
name: "AssertionError [ERR_ASSERTION]"
code: "ERR_ASSERTION"
actual: undefined
expected: true
operator: "=="
pid: 4823
hostname: gongjuruideMacBook-Pro-2.local

2019-11-24 14:17:58,469 ERROR 4844 [-/127.0.0.1/-/6ms GET /news] nodejs.AssertionError [ERR_ASSERTION]: Can't find news/list.tpl from /Users/gongjurui/winiu/eggdemos/app/view
    at Map.resolve (/Users/gongjurui/winiu/eggdemos/node_modules/_egg-view@2.1.2@egg-view/lib/view_manager.js:74:5)
    at <anonymous>
generatedMessage: false
name: "AssertionError [ERR_ASSERTION]"
code: "ERR_ASSERTION"
actual: undefined
expected: true
operator: "=="
pid: 4844
hostname: gongjuruideMacBook-Pro-2.local

2019-11-24 14:24:35,729 ERROR 4960 [-/127.0.0.1/-/4ms GET /news/1] nodejs.TypeError: this.ctx.request.query is not a function
    at NewsController.detail (/Users/gongjurui/winiu/eggdemos/app/controller/news.js:16:38)
    at Object.callFn (/Users/gongjurui/winiu/eggdemos/node_modules/_egg-core@4.17.3@egg-core/lib/utils/index.js:44:21)
    at Object.classControllerMiddleware (/Users/gongjurui/winiu/eggdemos/node_modules/_egg-core@4.17.3@egg-core/lib/loader/mixin/controller.js:87:20)
    at Object.callFn (/Users/gongjurui/winiu/eggdemos/node_modules/_@eggjs_router@2.0.0@@eggjs/router/lib/utils.js:12:21)
    at wrappedController (/Users/gongjurui/winiu/eggdemos/node_modules/_@eggjs_router@2.0.0@@eggjs/router/lib/egg_router.js:322:18)
    at dispatch (/Users/gongjurui/winiu/eggdemos/node_modules/_koa-compose@3.2.1@koa-compose/index.js:44:32)
    at next (/Users/gongjurui/winiu/eggdemos/node_modules/_koa-compose@3.2.1@koa-compose/index.js:45:18)
    at /Users/gongjurui/winiu/eggdemos/node_modules/_@eggjs_router@2.0.0@@eggjs/router/lib/router.js:190:18
    at dispatch (/Users/gongjurui/winiu/eggdemos/node_modules/_koa-compose@3.2.1@koa-compose/index.js:44:32)
    at /Users/gongjurui/winiu/eggdemos/node_modules/_koa-compose@3.2.1@koa-compose/index.js:36:12

pid: 4960
hostname: gongjuruideMacBook-Pro-2.local

2019-11-24 14:24:57,756 ERROR 4967 [-/127.0.0.1/-/6ms GET /news/1] nodejs.TypeError: this.ctx.request.query is not a function
    at NewsController.detail (/Users/gongjurui/winiu/eggdemos/app/controller/news.js:17:38)
    at Object.callFn (/Users/gongjurui/winiu/eggdemos/node_modules/_egg-core@4.17.3@egg-core/lib/utils/index.js:44:21)
    at Object.classControllerMiddleware (/Users/gongjurui/winiu/eggdemos/node_modules/_egg-core@4.17.3@egg-core/lib/loader/mixin/controller.js:87:20)
    at Object.callFn (/Users/gongjurui/winiu/eggdemos/node_modules/_@eggjs_router@2.0.0@@eggjs/router/lib/utils.js:12:21)
    at wrappedController (/Users/gongjurui/winiu/eggdemos/node_modules/_@eggjs_router@2.0.0@@eggjs/router/lib/egg_router.js:322:18)
    at dispatch (/Users/gongjurui/winiu/eggdemos/node_modules/_koa-compose@3.2.1@koa-compose/index.js:44:32)
    at next (/Users/gongjurui/winiu/eggdemos/node_modules/_koa-compose@3.2.1@koa-compose/index.js:45:18)
    at /Users/gongjurui/winiu/eggdemos/node_modules/_@eggjs_router@2.0.0@@eggjs/router/lib/router.js:190:18
    at dispatch (/Users/gongjurui/winiu/eggdemos/node_modules/_koa-compose@3.2.1@koa-compose/index.js:44:32)
    at /Users/gongjurui/winiu/eggdemos/node_modules/_koa-compose@3.2.1@koa-compose/index.js:36:12

pid: 4967
hostname: gongjuruideMacBook-Pro-2.local

2019-11-24 14:25:10,626 ERROR 4974 [-/127.0.0.1/-/9ms GET /news/2] nodejs.TypeError: this.ctx.request.query is not a function
    at NewsController.detail (/Users/gongjurui/winiu/eggdemos/app/controller/news.js:17:38)
    at Object.callFn (/Users/gongjurui/winiu/eggdemos/node_modules/_egg-core@4.17.3@egg-core/lib/utils/index.js:44:21)
    at Object.classControllerMiddleware (/Users/gongjurui/winiu/eggdemos/node_modules/_egg-core@4.17.3@egg-core/lib/loader/mixin/controller.js:87:20)
    at Object.callFn (/Users/gongjurui/winiu/eggdemos/node_modules/_@eggjs_router@2.0.0@@eggjs/router/lib/utils.js:12:21)
    at wrappedController (/Users/gongjurui/winiu/eggdemos/node_modules/_@eggjs_router@2.0.0@@eggjs/router/lib/egg_router.js:322:18)
    at dispatch (/Users/gongjurui/winiu/eggdemos/node_modules/_koa-compose@3.2.1@koa-compose/index.js:44:32)
    at next (/Users/gongjurui/winiu/eggdemos/node_modules/_koa-compose@3.2.1@koa-compose/index.js:45:18)
    at /Users/gongjurui/winiu/eggdemos/node_modules/_@eggjs_router@2.0.0@@eggjs/router/lib/router.js:190:18
    at dispatch (/Users/gongjurui/winiu/eggdemos/node_modules/_koa-compose@3.2.1@koa-compose/index.js:44:32)
    at /Users/gongjurui/winiu/eggdemos/node_modules/_koa-compose@3.2.1@koa-compose/index.js:36:12

pid: 4974
hostname: gongjuruideMacBook-Pro-2.local

2019-11-24 14:48:34,841 ERROR 5240 [-/undefined/-/5029ms GET /news] nodejs.ConnectionTimeoutError: Connect timeout for 5000ms, GET https://hacker-news.firebaseio.com/v0/topStories.json -2 (connected: false, keepalive socket: false, agent status: {"createSocketCount":2,"createSocketErrorCount":0,"closeSocketCount":1,"errorSocketCount":0,"timeoutSocketCount":0,"requestCount":0,"freeSockets":{},"sockets":{"hacker-news.firebaseio.com:443:::::::::":1},"requests":{}}, socketHandledRequests: 1, socketHandledResponses: 0)
headers: {}
headers: {}
    at Timeout._onTimeout (/Users/gongjurui/winiu/eggdemos/node_modules/_urllib@2.34.1@urllib/lib/urllib.js:926:15)
    at ontimeout (timers.js:498:11)
    at tryOnTimeout (timers.js:323:5)
    at Timer.listOnTimeout (timers.js:290:5)
name: "ConnectionTimeoutError"
requestId: 1
data: undefined
path: "/v0/topStories.json?orderBy=%22%24key%22&startAt=%220%22&endAt=%222%22"
status: -2
headers: {}
res: {"status":-2,"statusCode":-2,"statusMessage":null,"headers":{},"size":0,"aborted":false,"rt":5019,"keepAliveSocket":false,"requestUrls":["https://hacker-news.firebaseio.com/v0/topStories.json"],"timing":null,"remoteAddress":"35.201.97.85","remotePort":"","socketHandledRequests":1,"socketHandledResponses":0}
headerSent: true
pid: 5240
hostname: gongjuruideMacBook-Pro-2.local

2019-11-24 14:48:37,679 ERROR 5240 [-/127.0.0.1/-/5005ms GET /news] nodejs.ConnectionTimeoutError: Connect timeout for 5000ms, GET https://hacker-news.firebaseio.com/v0/topStories.json -2 (connected: false, keepalive socket: false, agent status: {"createSocketCount":2,"createSocketErrorCount":0,"closeSocketCount":2,"errorSocketCount":0,"timeoutSocketCount":0,"requestCount":0,"freeSockets":{},"sockets":{},"requests":{}}, socketHandledRequests: 1, socketHandledResponses: 0)
headers: {}
headers: {}
    at Timeout._onTimeout (/Users/gongjurui/winiu/eggdemos/node_modules/_urllib@2.34.1@urllib/lib/urllib.js:926:15)
    at ontimeout (timers.js:498:11)
    at tryOnTimeout (timers.js:323:5)
    at Timer.listOnTimeout (timers.js:290:5)
name: "ConnectionTimeoutError"
requestId: 2
data: undefined
path: "/v0/topStories.json?orderBy=%22%24key%22&startAt=%220%22&endAt=%222%22"
status: -2
headers: {}
res: {"status":-2,"statusCode":-2,"statusMessage":null,"headers":{},"size":0,"aborted":false,"rt":5004,"keepAliveSocket":false,"requestUrls":["https://hacker-news.firebaseio.com/v0/topStories.json"],"timing":null,"remoteAddress":"35.201.97.85","remotePort":"","socketHandledRequests":1,"socketHandledResponses":0}
pid: 5240
hostname: gongjuruideMacBook-Pro-2.local

2019-11-24 14:49:07,653 ERROR 5240 [-/127.0.0.1/-/5003ms GET /news] nodejs.ConnectionTimeoutError: Connect timeout for 5000ms, GET https://hacker-news.firebaseio.com/v0/topStories.json -2 (connected: false, keepalive socket: false, agent status: {"createSocketCount":3,"createSocketErrorCount":0,"closeSocketCount":3,"errorSocketCount":0,"timeoutSocketCount":0,"requestCount":0,"freeSockets":{},"sockets":{},"requests":{}}, socketHandledRequests: 1, socketHandledResponses: 0)
headers: {}
headers: {}
    at Timeout._onTimeout (/Users/gongjurui/winiu/eggdemos/node_modules/_urllib@2.34.1@urllib/lib/urllib.js:926:15)
    at ontimeout (timers.js:498:11)
    at tryOnTimeout (timers.js:323:5)
    at Timer.listOnTimeout (timers.js:290:5)
name: "ConnectionTimeoutError"
requestId: 3
data: undefined
path: "/v0/topStories.json?orderBy=%22%24key%22&startAt=%220%22&endAt=%222%22"
status: -2
headers: {}
res: {"status":-2,"statusCode":-2,"statusMessage":null,"headers":{},"size":0,"aborted":false,"rt":5002,"keepAliveSocket":false,"requestUrls":["https://hacker-news.firebaseio.com/v0/topStories.json"],"timing":null,"remoteAddress":"35.201.97.85","remotePort":"","socketHandledRequests":1,"socketHandledResponses":0}
pid: 5240
hostname: gongjuruideMacBook-Pro-2.local

2019-11-24 14:50:05,477 ERROR 5251 [-/127.0.0.1/-/5025ms GET /news] nodejs.ConnectionTimeoutError: Connect timeout for 5000ms, GET https://hacker-news.firebaseio.com/v0/topStories.json -2 (connected: false, keepalive socket: false, agent status: {"createSocketCount":1,"createSocketErrorCount":0,"closeSocketCount":1,"errorSocketCount":0,"timeoutSocketCount":0,"requestCount":0,"freeSockets":{},"sockets":{},"requests":{}}, socketHandledRequests: 1, socketHandledResponses: 0)
headers: {}
headers: {}
    at Timeout._onTimeout (/Users/gongjurui/winiu/eggdemos/node_modules/_urllib@2.34.1@urllib/lib/urllib.js:926:15)
    at ontimeout (timers.js:498:11)
    at tryOnTimeout (timers.js:323:5)
    at Timer.listOnTimeout (timers.js:290:5)
name: "ConnectionTimeoutError"
requestId: 1
data: undefined
path: "/v0/topStories.json?orderBy=%22%24key%22&startAt=%220%22&endAt=%222%22"
status: -2
headers: {}
res: {"status":-2,"statusCode":-2,"statusMessage":null,"headers":{},"size":0,"aborted":false,"rt":5016,"keepAliveSocket":false,"requestUrls":["https://hacker-news.firebaseio.com/v0/topStories.json"],"timing":null,"remoteAddress":"35.201.97.85","remotePort":"","socketHandledRequests":1,"socketHandledResponses":0}
pid: 5251
hostname: gongjuruideMacBook-Pro-2.local

2019-11-24 14:54:52,626 ERROR 5282 [-/undefined/-/5027ms GET /news] nodejs.ConnectionTimeoutError: Connect timeout for 5000ms, GET https://hacker-news.firebaseio.com/v0/topstories.json -2 (connected: false, keepalive socket: false, agent status: {"createSocketCount":1,"createSocketErrorCount":0,"closeSocketCount":1,"errorSocketCount":0,"timeoutSocketCount":0,"requestCount":0,"freeSockets":{},"sockets":{},"requests":{}}, socketHandledRequests: 1, socketHandledResponses: 0)
headers: {}
headers: {}
    at Timeout._onTimeout (/Users/gongjurui/winiu/eggdemos/node_modules/_urllib@2.34.1@urllib/lib/urllib.js:926:15)
    at ontimeout (timers.js:498:11)
    at tryOnTimeout (timers.js:323:5)
    at Timer.listOnTimeout (timers.js:290:5)
name: "ConnectionTimeoutError"
requestId: 1
data: undefined
path: "/v0/topstories.json?orderBy=%22%24key%22&startAt=%220%22&endAt=%224%22"
status: -2
headers: {}
res: {"status":-2,"statusCode":-2,"statusMessage":null,"headers":{},"size":0,"aborted":false,"rt":5017,"keepAliveSocket":false,"requestUrls":["https://hacker-news.firebaseio.com/v0/topstories.json"],"timing":null,"remoteAddress":"35.201.97.85","remotePort":"","socketHandledRequests":1,"socketHandledResponses":0}
headerSent: true
pid: 5282
hostname: gongjuruideMacBook-Pro-2.local

2019-11-24 14:55:07,906 ERROR 5282 [-/127.0.0.1/-/5006ms GET /news] nodejs.ConnectionTimeoutError: Connect timeout for 5000ms, GET https://hacker-news.firebaseio.com/v0/topstories.json -2 (connected: false, keepalive socket: false, agent status: {"createSocketCount":2,"createSocketErrorCount":0,"closeSocketCount":2,"errorSocketCount":0,"timeoutSocketCount":0,"requestCount":0,"freeSockets":{},"sockets":{},"requests":{}}, socketHandledRequests: 1, socketHandledResponses: 0)
headers: {}
headers: {}
    at Timeout._onTimeout (/Users/gongjurui/winiu/eggdemos/node_modules/_urllib@2.34.1@urllib/lib/urllib.js:926:15)
    at ontimeout (timers.js:498:11)
    at tryOnTimeout (timers.js:323:5)
    at Timer.listOnTimeout (timers.js:290:5)
name: "ConnectionTimeoutError"
requestId: 2
data: undefined
path: "/v0/topstories.json?orderBy=%22%24key%22&startAt=%220%22&endAt=%224%22"
status: -2
headers: {}
res: {"status":-2,"statusCode":-2,"statusMessage":null,"headers":{},"size":0,"aborted":false,"rt":5004,"keepAliveSocket":false,"requestUrls":["https://hacker-news.firebaseio.com/v0/topstories.json"],"timing":null,"remoteAddress":"35.201.97.85","remotePort":"","socketHandledRequests":1,"socketHandledResponses":0}
pid: 5282
hostname: gongjuruideMacBook-Pro-2.local

2019-11-24 14:56:04,149 ERROR 5292 [-/127.0.0.1/-/5031ms GET /news] nodejs.ConnectionTimeoutError: Connect timeout for 5000ms, GET https://hacker-news.firebaseio.com/v0/topstories.json -2 (connected: false, keepalive socket: false, agent status: {"createSocketCount":1,"createSocketErrorCount":0,"closeSocketCount":1,"errorSocketCount":0,"timeoutSocketCount":0,"requestCount":0,"freeSockets":{},"sockets":{},"requests":{}}, socketHandledRequests: 1, socketHandledResponses: 0)
headers: {}
headers: {}
    at Timeout._onTimeout (/Users/gongjurui/winiu/eggdemos/node_modules/_urllib@2.34.1@urllib/lib/urllib.js:926:15)
    at ontimeout (timers.js:498:11)
    at tryOnTimeout (timers.js:323:5)
    at Timer.listOnTimeout (timers.js:290:5)
name: "ConnectionTimeoutError"
requestId: 1
data: undefined
path: "/v0/topstories.json?orderBy=%22%24key%22&startAt=%220%22&endAt=%224%22"
status: -2
headers: {}
res: {"status":-2,"statusCode":-2,"statusMessage":null,"headers":{},"size":0,"aborted":false,"rt":5018,"keepAliveSocket":false,"requestUrls":["https://hacker-news.firebaseio.com/v0/topstories.json"],"timing":null,"remoteAddress":"35.201.97.85","remotePort":"","socketHandledRequests":1,"socketHandledResponses":0}
pid: 5292
hostname: gongjuruideMacBook-Pro-2.local

2019-11-24 15:06:54,715 ERROR 5358 [-/127.0.0.1/-/5026ms GET /news] nodejs.ConnectionTimeoutError: Connect timeout for 5000ms, GET https://hacker-news.firebaseio.com/v0/topstories.json -2 (connected: false, keepalive socket: false, agent status: {"createSocketCount":1,"createSocketErrorCount":0,"closeSocketCount":1,"errorSocketCount":0,"timeoutSocketCount":0,"requestCount":0,"freeSockets":{},"sockets":{},"requests":{}}, socketHandledRequests: 1, socketHandledResponses: 0)
headers: {}
headers: {}
    at Timeout._onTimeout (/Users/gongjurui/winiu/eggdemos/node_modules/_urllib@2.34.1@urllib/lib/urllib.js:926:15)
    at ontimeout (timers.js:498:11)
    at tryOnTimeout (timers.js:323:5)
    at Timer.listOnTimeout (timers.js:290:5)
name: "ConnectionTimeoutError"
requestId: 1
data: undefined
path: "/v0/topstories.json?orderBy=%22%24key%22&startAt=%220%22&endAt=%224%22"
status: -2
headers: {}
res: {"status":-2,"statusCode":-2,"statusMessage":null,"headers":{},"size":0,"aborted":false,"rt":5015,"keepAliveSocket":false,"requestUrls":["https://hacker-news.firebaseio.com/v0/topstories.json"],"timing":null,"remoteAddress":"35.201.97.85","remotePort":"","socketHandledRequests":1,"socketHandledResponses":0}
pid: 5358
hostname: gongjuruideMacBook-Pro-2.local

2019-11-24 15:07:32,035 ERROR 5358 [-/127.0.0.1/-/5010ms GET /news] nodejs.ConnectionTimeoutError: Connect timeout for 5000ms, GET https://hacker-news.firebaseio.com/v0/topstories.json -2 (connected: false, keepalive socket: false, agent status: {"createSocketCount":2,"createSocketErrorCount":0,"closeSocketCount":2,"errorSocketCount":0,"timeoutSocketCount":0,"requestCount":0,"freeSockets":{},"sockets":{},"requests":{}}, socketHandledRequests: 1, socketHandledResponses: 0)
headers: {}
headers: {}
    at Timeout._onTimeout (/Users/gongjurui/winiu/eggdemos/node_modules/_urllib@2.34.1@urllib/lib/urllib.js:926:15)
    at ontimeout (timers.js:498:11)
    at tryOnTimeout (timers.js:323:5)
    at Timer.listOnTimeout (timers.js:290:5)
name: "ConnectionTimeoutError"
requestId: 2
data: undefined
path: "/v0/topstories.json?orderBy=%22%24key%22&startAt=%220%22&endAt=%224%22"
status: -2
headers: {}
res: {"status":-2,"statusCode":-2,"statusMessage":null,"headers":{},"size":0,"aborted":false,"rt":5009,"keepAliveSocket":false,"requestUrls":["https://hacker-news.firebaseio.com/v0/topstories.json"],"timing":null,"remoteAddress":"35.201.97.85","remotePort":"","socketHandledRequests":1,"socketHandledResponses":0}
pid: 5358
hostname: gongjuruideMacBook-Pro-2.local

2019-11-24 15:07:55,193 ERROR 5371 [-/127.0.0.1/-/5030ms GET /news] nodejs.ConnectionTimeoutError: Connect timeout for 5000ms, GET https://hacker-news.firebaseio.com/v0/topstories.json -2 (connected: false, keepalive socket: false, agent status: {"createSocketCount":1,"createSocketErrorCount":0,"closeSocketCount":1,"errorSocketCount":0,"timeoutSocketCount":0,"requestCount":0,"freeSockets":{},"sockets":{},"requests":{}}, socketHandledRequests: 1, socketHandledResponses: 0)
headers: {}
headers: {}
    at Timeout._onTimeout (/Users/gongjurui/winiu/eggdemos/node_modules/_urllib@2.34.1@urllib/lib/urllib.js:926:15)
    at ontimeout (timers.js:498:11)
    at tryOnTimeout (timers.js:323:5)
    at Timer.listOnTimeout (timers.js:290:5)
name: "ConnectionTimeoutError"
requestId: 1
data: undefined
path: "/v0/topstories.json?orderBy=%22%24key%22&startAt=%220%22&endAt=%224%22"
status: -2
headers: {}
res: {"status":-2,"statusCode":-2,"statusMessage":null,"headers":{},"size":0,"aborted":false,"rt":5018,"keepAliveSocket":false,"requestUrls":["https://hacker-news.firebaseio.com/v0/topstories.json"],"timing":null,"remoteAddress":"35.201.97.85","remotePort":"","socketHandledRequests":1,"socketHandledResponses":0}
pid: 5371
hostname: gongjuruideMacBook-Pro-2.local

2019-11-24 15:08:01,974 ERROR 5371 [-/127.0.0.1/-/5004ms GET /news] nodejs.ConnectionTimeoutError: Connect timeout for 5000ms, GET https://hacker-news.firebaseio.com/v0/topstories.json -2 (connected: false, keepalive socket: false, agent status: {"createSocketCount":2,"createSocketErrorCount":0,"closeSocketCount":2,"errorSocketCount":0,"timeoutSocketCount":0,"requestCount":0,"freeSockets":{},"sockets":{},"requests":{}}, socketHandledRequests: 1, socketHandledResponses: 0)
headers: {}
headers: {}
    at Timeout._onTimeout (/Users/gongjurui/winiu/eggdemos/node_modules/_urllib@2.34.1@urllib/lib/urllib.js:926:15)
    at ontimeout (timers.js:498:11)
    at tryOnTimeout (timers.js:323:5)
    at Timer.listOnTimeout (timers.js:290:5)
name: "ConnectionTimeoutError"
requestId: 2
data: undefined
path: "/v0/topstories.json?orderBy=%22%24key%22&startAt=%220%22&endAt=%224%22"
status: -2
headers: {}
res: {"status":-2,"statusCode":-2,"statusMessage":null,"headers":{},"size":0,"aborted":false,"rt":5004,"keepAliveSocket":false,"requestUrls":["https://hacker-news.firebaseio.com/v0/topstories.json"],"timing":null,"remoteAddress":"35.201.97.85","remotePort":"","socketHandledRequests":1,"socketHandledResponses":0}
pid: 5371
hostname: gongjuruideMacBook-Pro-2.local

2019-11-24 15:09:02,913 ERROR 5384 [-/127.0.0.1/-/7ms GET /news] nodejs.ReferenceError: $key is not defined
    at NewsService.list (/Users/gongjurui/winiu/eggdemos/app/service/news.js:8:17)
    at NewsController.list (/Users/gongjurui/winiu/eggdemos/app/controller/news.js:7:45)
    at Object.callFn (/Users/gongjurui/winiu/eggdemos/node_modules/_egg-core@4.17.3@egg-core/lib/utils/index.js:44:21)
    at Object.classControllerMiddleware (/Users/gongjurui/winiu/eggdemos/node_modules/_egg-core@4.17.3@egg-core/lib/loader/mixin/controller.js:87:20)
    at Object.callFn (/Users/gongjurui/winiu/eggdemos/node_modules/_@eggjs_router@2.0.0@@eggjs/router/lib/utils.js:12:21)
    at wrappedController (/Users/gongjurui/winiu/eggdemos/node_modules/_@eggjs_router@2.0.0@@eggjs/router/lib/egg_router.js:322:18)
    at dispatch (/Users/gongjurui/winiu/eggdemos/node_modules/_koa-compose@3.2.1@koa-compose/index.js:44:32)
    at next (/Users/gongjurui/winiu/eggdemos/node_modules/_koa-compose@3.2.1@koa-compose/index.js:45:18)
    at /Users/gongjurui/winiu/eggdemos/node_modules/_@eggjs_router@2.0.0@@eggjs/router/lib/router.js:190:18
    at dispatch (/Users/gongjurui/winiu/eggdemos/node_modules/_koa-compose@3.2.1@koa-compose/index.js:44:32)

pid: 5384
hostname: gongjuruideMacBook-Pro-2.local

2019-11-24 15:09:29,902 ERROR 5384 [-/127.0.0.1/-/0ms GET /news] nodejs.ReferenceError: $key is not defined
    at NewsService.list (/Users/gongjurui/winiu/eggdemos/app/service/news.js:8:17)
    at NewsController.list (/Users/gongjurui/winiu/eggdemos/app/controller/news.js:7:45)
    at Object.callFn (/Users/gongjurui/winiu/eggdemos/node_modules/_egg-core@4.17.3@egg-core/lib/utils/index.js:44:21)
    at Object.classControllerMiddleware (/Users/gongjurui/winiu/eggdemos/node_modules/_egg-core@4.17.3@egg-core/lib/loader/mixin/controller.js:87:20)
    at Object.callFn (/Users/gongjurui/winiu/eggdemos/node_modules/_@eggjs_router@2.0.0@@eggjs/router/lib/utils.js:12:21)
    at wrappedController (/Users/gongjurui/winiu/eggdemos/node_modules/_@eggjs_router@2.0.0@@eggjs/router/lib/egg_router.js:322:18)
    at dispatch (/Users/gongjurui/winiu/eggdemos/node_modules/_koa-compose@3.2.1@koa-compose/index.js:44:32)
    at next (/Users/gongjurui/winiu/eggdemos/node_modules/_koa-compose@3.2.1@koa-compose/index.js:45:18)
    at /Users/gongjurui/winiu/eggdemos/node_modules/_@eggjs_router@2.0.0@@eggjs/router/lib/router.js:190:18
    at dispatch (/Users/gongjurui/winiu/eggdemos/node_modules/_koa-compose@3.2.1@koa-compose/index.js:44:32)

pid: 5384
hostname: gongjuruideMacBook-Pro-2.local

2019-11-24 15:10:14,202 ERROR 5395 [-/127.0.0.1/-/5025ms GET /news] nodejs.ConnectionTimeoutError: Connect timeout for 5000ms, GET https://hacker-news.firebaseio.com/v0/topstories.json -2 (connected: false, keepalive socket: false, agent status: {"createSocketCount":1,"createSocketErrorCount":0,"closeSocketCount":1,"errorSocketCount":0,"timeoutSocketCount":0,"requestCount":0,"freeSockets":{},"sockets":{},"requests":{}}, socketHandledRequests: 1, socketHandledResponses: 0)
headers: {}
headers: {}
    at Timeout._onTimeout (/Users/gongjurui/winiu/eggdemos/node_modules/_urllib@2.34.1@urllib/lib/urllib.js:926:15)
    at ontimeout (timers.js:498:11)
    at tryOnTimeout (timers.js:323:5)
    at Timer.listOnTimeout (timers.js:290:5)
name: "ConnectionTimeoutError"
requestId: 1
data: undefined
path: "/v0/topstories.json?orderBy=%22%24key%22&startAt=%220%22&endAt=%224%22"
status: -2
headers: {}
res: {"status":-2,"statusCode":-2,"statusMessage":null,"headers":{},"size":0,"aborted":false,"rt":5015,"keepAliveSocket":false,"requestUrls":["https://hacker-news.firebaseio.com/v0/topstories.json"],"timing":null,"remoteAddress":"35.201.97.85","remotePort":"","socketHandledRequests":1,"socketHandledResponses":0}
pid: 5395
hostname: gongjuruideMacBook-Pro-2.local

2019-11-24 15:10:22,643 ERROR 5395 [-/127.0.0.1/-/5010ms GET /news] nodejs.ConnectionTimeoutError: Connect timeout for 5000ms, GET https://hacker-news.firebaseio.com/v0/topstories.json -2 (connected: false, keepalive socket: false, agent status: {"createSocketCount":2,"createSocketErrorCount":0,"closeSocketCount":2,"errorSocketCount":0,"timeoutSocketCount":0,"requestCount":0,"freeSockets":{},"sockets":{},"requests":{}}, socketHandledRequests: 1, socketHandledResponses: 0)
headers: {}
headers: {}
    at Timeout._onTimeout (/Users/gongjurui/winiu/eggdemos/node_modules/_urllib@2.34.1@urllib/lib/urllib.js:926:15)
    at ontimeout (timers.js:498:11)
    at tryOnTimeout (timers.js:323:5)
    at Timer.listOnTimeout (timers.js:290:5)
name: "ConnectionTimeoutError"
requestId: 2
data: undefined
path: "/v0/topstories.json?orderBy=%22%24key%22&startAt=%220%22&endAt=%224%22"
status: -2
headers: {}
res: {"status":-2,"statusCode":-2,"statusMessage":null,"headers":{},"size":0,"aborted":false,"rt":5007,"keepAliveSocket":false,"requestUrls":["https://hacker-news.firebaseio.com/v0/topstories.json"],"timing":null,"remoteAddress":"35.201.97.85","remotePort":"","socketHandledRequests":1,"socketHandledResponses":0}
pid: 5395
hostname: gongjuruideMacBook-Pro-2.local

2019-11-24 15:12:07,108 ERROR 5425 [-/127.0.0.1/-/445ms GET /news] nodejs.ReferenceError: ctx is not defined
    at NewsService.list (/Users/gongjurui/winiu/eggdemos/app/service/news.js:18:5)
    at <anonymous>
    at process._tickCallback (internal/process/next_tick.js:188:7)

pid: 5425
hostname: gongjuruideMacBook-Pro-2.local

2019-11-24 15:12:15,513 ERROR 5432 [-/127.0.0.1/-/91ms GET /news] nodejs.ReferenceError: idList is not defined
    at NewsService.list (/Users/gongjurui/winiu/eggdemos/app/service/news.js:25:19)
    at <anonymous>
    at process._tickCallback (internal/process/next_tick.js:188:7)

pid: 5432
hostname: gongjuruideMacBook-Pro-2.local

2019-11-24 21:51:27,772 ERROR 8278 [-/127.0.0.1/-/6ms GET /] nodejs.Error: Please set config.keys first
    at Application.get keys [as keys] (/Users/gongjurui/winiu/eggdemos/node_modules/_egg@2.25.0@egg/lib/application.js:266:15)
    at Object.get cookies [as cookies] (/Users/gongjurui/winiu/eggdemos/node_modules/_egg@2.25.0@egg/app/extend/context.js:22:66)
    at Object.get [egg-security#CSRF_SECRET] (/Users/gongjurui/winiu/eggdemos/node_modules/_egg-security@2.7.1@egg-security/app/extend/context.js:86:33)
    at Object.ensureCsrfSecret (/Users/gongjurui/winiu/eggdemos/node_modules/_egg-security@2.7.1@egg-security/app/extend/context.js:97:13)
    at csrf (/Users/gongjurui/winiu/eggdemos/node_modules/_egg-security@2.7.1@egg-security/lib/middlewares/csrf.js:15:11)
    at dispatch (/Users/gongjurui/winiu/eggdemos/node_modules/_koa-compose@4.1.0@koa-compose/index.js:42:32)
    at /Users/gongjurui/winiu/eggdemos/node_modules/_koa-compose@4.1.0@koa-compose/index.js:34:12
    at dispatch (/Users/gongjurui/winiu/eggdemos/node_modules/_koa-compose@4.1.0@koa-compose/index.js:42:32)
    at session (/Users/gongjurui/winiu/eggdemos/node_modules/_koa-session@5.12.3@koa-session/index.js:41:13)
    at dispatch (/Users/gongjurui/winiu/eggdemos/node_modules/_koa-compose@4.1.0@koa-compose/index.js:42:32)

pid: 8278
hostname: gongjuruideMacBook-Pro-2.local

2019-11-24 21:51:55,512 ERROR 8278 [-/127.0.0.1/-/1ms GET /] nodejs.Error: Please set config.keys first
    at Application.get keys [as keys] (/Users/gongjurui/winiu/eggdemos/node_modules/_egg@2.25.0@egg/lib/application.js:266:15)
    at Object.get cookies [as cookies] (/Users/gongjurui/winiu/eggdemos/node_modules/_egg@2.25.0@egg/app/extend/context.js:22:66)
    at Object.get [egg-security#CSRF_SECRET] (/Users/gongjurui/winiu/eggdemos/node_modules/_egg-security@2.7.1@egg-security/app/extend/context.js:86:33)
    at Object.ensureCsrfSecret (/Users/gongjurui/winiu/eggdemos/node_modules/_egg-security@2.7.1@egg-security/app/extend/context.js:97:13)
    at csrf (/Users/gongjurui/winiu/eggdemos/node_modules/_egg-security@2.7.1@egg-security/lib/middlewares/csrf.js:15:11)
    at dispatch (/Users/gongjurui/winiu/eggdemos/node_modules/_koa-compose@4.1.0@koa-compose/index.js:42:32)
    at /Users/gongjurui/winiu/eggdemos/node_modules/_koa-compose@4.1.0@koa-compose/index.js:34:12
    at dispatch (/Users/gongjurui/winiu/eggdemos/node_modules/_koa-compose@4.1.0@koa-compose/index.js:42:32)
    at session (/Users/gongjurui/winiu/eggdemos/node_modules/_koa-session@5.12.3@koa-session/index.js:41:13)
    at dispatch (/Users/gongjurui/winiu/eggdemos/node_modules/_koa-compose@4.1.0@koa-compose/index.js:42:32)

pid: 8278
hostname: gongjuruideMacBook-Pro-2.local

2019-11-24 21:51:56,728 ERROR 8278 [-/127.0.0.1/-/0ms GET /] nodejs.Error: Please set config.keys first
    at Application.get keys [as keys] (/Users/gongjurui/winiu/eggdemos/node_modules/_egg@2.25.0@egg/lib/application.js:266:15)
    at Object.get cookies [as cookies] (/Users/gongjurui/winiu/eggdemos/node_modules/_egg@2.25.0@egg/app/extend/context.js:22:66)
    at Object.get [egg-security#CSRF_SECRET] (/Users/gongjurui/winiu/eggdemos/node_modules/_egg-security@2.7.1@egg-security/app/extend/context.js:86:33)
    at Object.ensureCsrfSecret (/Users/gongjurui/winiu/eggdemos/node_modules/_egg-security@2.7.1@egg-security/app/extend/context.js:97:13)
    at csrf (/Users/gongjurui/winiu/eggdemos/node_modules/_egg-security@2.7.1@egg-security/lib/middlewares/csrf.js:15:11)
    at dispatch (/Users/gongjurui/winiu/eggdemos/node_modules/_koa-compose@4.1.0@koa-compose/index.js:42:32)
    at /Users/gongjurui/winiu/eggdemos/node_modules/_koa-compose@4.1.0@koa-compose/index.js:34:12
    at dispatch (/Users/gongjurui/winiu/eggdemos/node_modules/_koa-compose@4.1.0@koa-compose/index.js:42:32)
    at session (/Users/gongjurui/winiu/eggdemos/node_modules/_koa-session@5.12.3@koa-session/index.js:41:13)
    at dispatch (/Users/gongjurui/winiu/eggdemos/node_modules/_koa-compose@4.1.0@koa-compose/index.js:42:32)

pid: 8278
hostname: gongjuruideMacBook-Pro-2.local

2019-11-24 21:52:01,330 ERROR 8278 [-/127.0.0.1/-/1ms GET /news] nodejs.Error: Please set config.keys first
    at Application.get keys [as keys] (/Users/gongjurui/winiu/eggdemos/node_modules/_egg@2.25.0@egg/lib/application.js:266:15)
    at Object.get cookies [as cookies] (/Users/gongjurui/winiu/eggdemos/node_modules/_egg@2.25.0@egg/app/extend/context.js:22:66)
    at Object.get [egg-security#CSRF_SECRET] (/Users/gongjurui/winiu/eggdemos/node_modules/_egg-security@2.7.1@egg-security/app/extend/context.js:86:33)
    at Object.ensureCsrfSecret (/Users/gongjurui/winiu/eggdemos/node_modules/_egg-security@2.7.1@egg-security/app/extend/context.js:97:13)
    at csrf (/Users/gongjurui/winiu/eggdemos/node_modules/_egg-security@2.7.1@egg-security/lib/middlewares/csrf.js:15:11)
    at dispatch (/Users/gongjurui/winiu/eggdemos/node_modules/_koa-compose@4.1.0@koa-compose/index.js:42:32)
    at /Users/gongjurui/winiu/eggdemos/node_modules/_koa-compose@4.1.0@koa-compose/index.js:34:12
    at dispatch (/Users/gongjurui/winiu/eggdemos/node_modules/_koa-compose@4.1.0@koa-compose/index.js:42:32)
    at session (/Users/gongjurui/winiu/eggdemos/node_modules/_koa-session@5.12.3@koa-session/index.js:41:13)
    at dispatch (/Users/gongjurui/winiu/eggdemos/node_modules/_koa-compose@4.1.0@koa-compose/index.js:42:32)

pid: 8278
hostname: gongjuruideMacBook-Pro-2.local

2019-11-25 18:29:15,646 ERROR 4469 [-/127.0.0.1/-/117ms GET /gzip] nodejs.TypeError: Invalid non-string/buffer chunk
    at validChunk (_stream_writable.js:254:10)
    at Gzip.Writable.write (_stream_writable.js:288:21)
    at Gzip.Writable.end (_stream_writable.js:562:10)
    at gzip (/Users/gongjurui/woniu/eggdemos/app/middleware/gzip.js:20:16)
    at <anonymous>
    at process._tickCallback (internal/process/next_tick.js:189:7)

pid: 4469
hostname: gongjuruideMacBook-Pro.local

2019-11-25 18:29:17,965 ERROR 4469 [-/127.0.0.1/-/42ms GET /gzip] nodejs.TypeError: Invalid non-string/buffer chunk
    at validChunk (_stream_writable.js:254:10)
    at Gzip.Writable.write (_stream_writable.js:288:21)
    at Gzip.Writable.end (_stream_writable.js:562:10)
    at gzip (/Users/gongjurui/woniu/eggdemos/app/middleware/gzip.js:20:16)
    at <anonymous>
    at process._tickCallback (internal/process/next_tick.js:189:7)

pid: 4469
hostname: gongjuruideMacBook-Pro.local

2019-11-25 18:29:36,844 ERROR 4469 [-/127.0.0.1/-/119ms GET /gzip] nodejs.TypeError: Invalid non-string/buffer chunk
    at validChunk (_stream_writable.js:254:10)
    at Gzip.Writable.write (_stream_writable.js:288:21)
    at Gzip.Writable.end (_stream_writable.js:562:10)
    at gzip (/Users/gongjurui/woniu/eggdemos/app/middleware/gzip.js:20:16)
    at <anonymous>
    at process._tickCallback (internal/process/next_tick.js:189:7)

pid: 4469
hostname: gongjuruideMacBook-Pro.local

2019-11-25 18:30:14,251 ERROR 4525 [-/127.0.0.1/-/242ms GET /gzip] nodejs.TypeError: Invalid non-string/buffer chunk
    at validChunk (_stream_writable.js:254:10)
    at Gzip.Writable.write (_stream_writable.js:288:21)
    at Gzip.Writable.end (_stream_writable.js:562:10)
    at gzip (/Users/gongjurui/woniu/eggdemos/app/middleware/gzip.js:20:16)
    at <anonymous>
    at process._tickCallback (internal/process/next_tick.js:189:7)

pid: 4525
hostname: gongjuruideMacBook-Pro.local

